#
# There is insufficient memory for the Java Runtime Environment to continue.
# Native memory allocation (mmap) failed to map 140509184 bytes for committing reserved memory.
# Possible reasons:
#   The system is out of physical RAM or swap space
#   The process is running with CompressedOops enabled, and the Java Heap may be blocking the growth of the native heap
# Possible solutions:
#   Reduce memory load on the system
#   Increase physical memory or swap space
#   Check if swap backing store is full
#   Decrease Java heap size (-Xmx/-Xms)
#   Decrease number of Java threads
#   Decrease Java thread stack sizes (-Xss)
#   Set larger code cache with -XX:ReservedCodeCacheSize=
#   JVM is running with Unscaled Compressed Oops mode in which the Java heap is
#     placed in the first 4GB address space. The Java Heap base address is the
#     maximum limit for the native heap growth. Please use -XX:HeapBaseMinAddress
#     to set the Java Heap base and to place the Java Heap above 4GB virtual address.
# This output file may be truncated or incomplete.
#
#  Out of Memory Error (os_linux.cpp:2754), pid=27304, tid=0x00007f946203a700
#
# JRE version: OpenJDK Runtime Environment (8.0_242) (build 1.8.0_242-release-1644-b3-6222593)
# Java VM: OpenJDK 64-Bit Server VM (25.242-b3-6222593 mixed mode linux-amd64 compressed oops)
# Failed to write core dump. Core dumps have been disabled. To enable core dumping, try "ulimit -c unlimited" before starting Java again
#

---------------  T H R E A D  ---------------

Current thread (0x00007f9474079000):  VMThread [stack: 0x00007f9461f3b000,0x00007f946203b000] [id=27312]

Stack: [0x00007f9461f3b000,0x00007f946203b000],  sp=0x00007f9462039440,  free space=1017k
Native frames: (J=compiled Java code, j=interpreted, Vv=VM code, C=native code)
V  [libjvm.so+0xa1317d]  VMError::report_and_die()+0x15d
V  [libjvm.so+0x4d7bca]  report_vm_out_of_memory(char const*, int, unsigned long, VMErrorType, char const*)+0x8a
V  [libjvm.so+0x878fb8]  os::pd_commit_memory(char*, unsigned long, unsigned long, bool)+0xd8
V  [libjvm.so+0x87088f]  os::commit_memory(char*, unsigned long, unsigned long, bool)+0x1f
V  [libjvm.so+0x8ea5fb]  PSVirtualSpace::expand_by(unsigned long)+0x5b
V  [libjvm.so+0x8eb250]  PSYoungGen::resize_generation(unsigned long, unsigned long)+0xb0
V  [libjvm.so+0x8eb56b]  PSYoungGen::resize(unsigned long, unsigned long)+0x1b
V  [libjvm.so+0x8e7cc8]  PSScavenge::invoke_no_policy()+0xdb8
V  [libjvm.so+0x8e17a0]  PSParallelCompact::invoke(bool)+0x40
V  [libjvm.so+0x464503]  CollectedHeap::collect_as_vm_thread(GCCause::Cause)+0x143
V  [libjvm.so+0xa14641]  VM_CollectForMetadataAllocation::doit()+0x141
V  [libjvm.so+0xa191b7]  VM_Operation::evaluate()+0x47
V  [libjvm.so+0xa17b98]  VMThread::evaluate_operation(VM_Operation*)+0x218
V  [libjvm.so+0xa17ff9]  VMThread::loop()+0x219
V  [libjvm.so+0xa18453]  VMThread::run()+0x83
V  [libjvm.so+0x8760c2]  java_start(Thread*)+0xf2

VM_Operation (0x00007f9424df8b20): CollectForMetadataAllocation, mode: safepoint, requested by thread 0x00007f9410009000


---------------  P R O C E S S  ---------------

Java Threads: ( => current thread )
  0x00007f940c3db000 JavaThread "jar transforms Thread 20" [_thread_blocked, id=27359, stack(0x00007f93eeaed000,0x00007f93eebee000)]
  0x00007f940c3d9800 JavaThread "jar transforms Thread 19" [_thread_blocked, id=27358, stack(0x00007f93eebee000,0x00007f93eecef000)]
  0x00007f940c3d7800 JavaThread "jar transforms Thread 18" [_thread_blocked, id=27357, stack(0x00007f93eecef000,0x00007f93eedf0000)]
  0x00007f940c3d6000 JavaThread "jar transforms Thread 17" [_thread_blocked, id=27356, stack(0x00007f93eedf0000,0x00007f93eeef1000)]
  0x00007f940c34d800 JavaThread "jar transforms Thread 16" [_thread_blocked, id=27353, stack(0x00007f93eeef1000,0x00007f93eeff2000)]
  0x00007f940c34b000 JavaThread "jar transforms Thread 15" [_thread_blocked, id=27352, stack(0x00007f93eeff2000,0x00007f93ef0f3000)]
  0x00007f940c349800 JavaThread "jar transforms Thread 14" [_thread_blocked, id=27351, stack(0x00007f93ef0f3000,0x00007f93ef1f4000)]
  0x00007f940c347800 JavaThread "jar transforms Thread 13" [_thread_blocked, id=27350, stack(0x00007f93ef1f4000,0x00007f93ef2f5000)]
  0x00007f940c346000 JavaThread "jar transforms Thread 12" [_thread_blocked, id=27349, stack(0x00007f93ef2f5000,0x00007f93ef3f6000)]
  0x00007f940c359800 JavaThread "jar transforms Thread 11" [_thread_blocked, id=27348, stack(0x00007f93ef3f6000,0x00007f93ef4f7000)]
  0x00007f940c357800 JavaThread "jar transforms Thread 10" [_thread_blocked, id=27347, stack(0x00007f93ef4f7000,0x00007f93ef5f8000)]
  0x00007f940c355800 JavaThread "jar transforms Thread 9" [_thread_blocked, id=27346, stack(0x00007f93ef5f8000,0x00007f93ef6f9000)]
  0x00007f940c354000 JavaThread "jar transforms Thread 8" [_thread_blocked, id=27345, stack(0x00007f93ef6f9000,0x00007f93ef7fa000)]
  0x00007f940c0ae800 JavaThread "jar transforms Thread 7" [_thread_blocked, id=27344, stack(0x00007f93ef7fa000,0x00007f93ef8fb000)]
  0x00007f940c0ac800 JavaThread "jar transforms Thread 6" [_thread_blocked, id=27343, stack(0x00007f93ef8fb000,0x00007f93ef9fc000)]
  0x00007f940c0ab000 JavaThread "jar transforms Thread 5" [_thread_blocked, id=27342, stack(0x00007f93ef9fc000,0x00007f93efafd000)]
  0x00007f940c0a9000 JavaThread "jar transforms Thread 4" [_thread_blocked, id=27341, stack(0x00007f93efafd000,0x00007f93efbfe000)]
  0x00007f940c0a8000 JavaThread "jar transforms Thread 3" [_thread_blocked, id=27340, stack(0x00007f93efbfe000,0x00007f93efcff000)]
  0x00007f940c616000 JavaThread "jar transforms Thread 2" [_thread_blocked, id=27339, stack(0x00007f93efcff000,0x00007f93efe00000)]
  0x00007f940ce8e800 JavaThread "jar transforms" [_thread_blocked, id=27338, stack(0x00007f94240f6000,0x00007f94241f7000)]
  0x00007f940ce0a800 JavaThread "Cache worker for file hash cache (/home/moringa/AndroidStudioProjects/mama-wa-estate-android/.gradle/6.5/fileHashes)" [_thread_blocked, id=27337, stack(0x00007f94241f7000,0x00007f94242f8000)]
  0x00007f940c352000 JavaThread "Cache worker for file hash cache (/home/moringa/.gradle/caches/6.5/fileHashes)" [_thread_blocked, id=27336, stack(0x00007f94244f8000,0x00007f94245f9000)]
  0x00007f940c18e000 JavaThread "File lock request listener" [_thread_in_native, id=27335, stack(0x00007f94245f9000,0x00007f94246fa000)]
  0x00007f940c187800 JavaThread "Cache worker for journal cache (/home/moringa/.gradle/caches/journal-1)" [_thread_blocked, id=27334, stack(0x00007f94246fa000,0x00007f94247fb000)]
  0x00007f940c01b800 JavaThread "Thread-9" [_thread_blocked, id=27333, stack(0x00007f94249fb000,0x00007f9424afc000)]
  0x00007f940c00b000 JavaThread "Stdin handler" [_thread_blocked, id=27332, stack(0x00007f9424afc000,0x00007f9424bfd000)]
  0x00007f940c009800 JavaThread "Asynchronous log dispatcher for DefaultDaemonConnection: socket connection from /127.0.0.1:44885 to /127.0.0.1:53826" [_thread_blocked, id=27331, stack(0x00007f9424bfd000,0x00007f9424cfe000)]
  0x00007f9410009000 JavaThread "Daemon worker" [_thread_blocked, id=27328, stack(0x00007f9424cfe000,0x00007f9424dff000)]
  0x00007f9410007000 JavaThread "Cancel handler" [_thread_blocked, id=27327, stack(0x00007f946008c000,0x00007f946018d000)]
  0x00007f9410003800 JavaThread "Handler for socket connection from /127.0.0.1:44885 to /127.0.0.1:53826" [_thread_in_native, id=27326, stack(0x00007f946018d000,0x00007f946028e000)]
  0x00007f941802b000 JavaThread "Daemon" [_thread_blocked, id=27325, stack(0x00007f946028e000,0x00007f946038f000)]
  0x00007f94742ab800 JavaThread "Daemon periodic checks" [_thread_blocked, id=27324, stack(0x00007f946038f000,0x00007f9460490000)]
  0x00007f947427e800 JavaThread "Incoming local TCP Connector on port 44885" [_thread_in_native, id=27323, stack(0x00007f9460497000,0x00007f9460598000)]
  0x00007f947447d800 JavaThread "Daemon health stats" [_thread_blocked, id=27322, stack(0x00007f946079d000,0x00007f946089e000)]
  0x00007f94740ca800 JavaThread "Service Thread" daemon [_thread_blocked, id=27319, stack(0x00007f9461424000,0x00007f9461525000)]
  0x00007f94740bf800 JavaThread "C1 CompilerThread2" daemon [_thread_blocked, id=27318, stack(0x00007f9461526000,0x00007f9461626000)]
  0x00007f94740be000 JavaThread "C2 CompilerThread1" daemon [_thread_blocked, id=27317, stack(0x00007f9461627000,0x00007f9461727000)]
  0x00007f94740bb000 JavaThread "C2 CompilerThread0" daemon [_thread_blocked, id=27316, stack(0x00007f9461728000,0x00007f9461828000)]
  0x00007f94740b9800 JavaThread "Signal Dispatcher" daemon [_thread_blocked, id=27315, stack(0x00007f9461828000,0x00007f9461929000)]
  0x00007f9474087800 JavaThread "Finalizer" daemon [_thread_blocked, id=27314, stack(0x00007f9461d38000,0x00007f9461e39000)]
  0x00007f9474083000 JavaThread "Reference Handler" daemon [_thread_blocked, id=27313, stack(0x00007f9461e39000,0x00007f9461f3a000)]
  0x00007f947400b800 JavaThread "main" [_thread_blocked, id=27307, stack(0x00007f947a16f000,0x00007f947a26f000)]

Other Threads:
=>0x00007f9474079000 VMThread [stack: 0x00007f9461f3b000,0x00007f946203b000] [id=27312]
  0x00007f94740cd000 WatcherThread [stack: 0x00007f9461324000,0x00007f9461424000] [id=27320]

VM state:at safepoint (normal execution)

VM Mutex/Monitor currently owned by a thread:  ([mutex/lock_event])
[0x00007f9474007e60] Threads_lock - owner thread: 0x00007f9474079000
[0x00007f9474008360] Heap_lock - owner thread: 0x00007f9410009000

heap address: 0x0000000080000000, size: 2048 MB, Compressed Oops mode: 32-bit
Narrow klass base: 0x0000000000000000, Narrow klass shift: 3
Compressed class space size: 1073741824 Address: 0x0000000100000000

Heap:
 PSYoungGen      total 128000K, used 5108K [0x00000000d5580000, 0x00000000dd780000, 0x0000000100000000)
  eden space 122880K, 0% used [0x00000000d5580000,0x00000000d5580000,0x00000000dcd80000)
  from space 5120K, 99% used [0x00000000dcd80000,0x00000000dd27d050,0x00000000dd280000)
  to   space 5120K, 0% used [0x00000000dd280000,0x00000000dd280000,0x00000000dd780000)
 ParOldGen       total 81920K, used 11719K [0x0000000080000000, 0x0000000085000000, 0x00000000d5580000)
  object space 81920K, 14% used [0x0000000080000000,0x0000000080b71f00,0x0000000085000000)
 Metaspace       used 20453K, capacity 21258K, committed 21296K, reserved 1067008K
  class space    used 2858K, capacity 3085K, committed 3120K, reserved 1048576K

Card table byte_map: [0x00007f9464413000,0x00007f9464814000] byte_map_base: 0x00007f9464013000

Marking Bits: (ParMarkBitMap*) 0x00007f94798377e0
 Begin Bits: [0x00007f9458000000, 0x00007f945a000000)
 End Bits:   [0x00007f945a000000, 0x00007f945c000000)

Polling page: 0x00007f947a290000

CodeCache: size=245760Kb used=6101Kb max_used=6102Kb free=239658Kb
 bounds [0x00007f9464bd4000, 0x00007f94651d4000, 0x00007f9473bd4000]
 total_blobs=2266 nmethods=1851 adapters=329
 compilation: enabled

Compilation events (10 events):
Event: 9.050 Thread 0x00007f94740be000 1849  s!   4       java.net.URLStreamHandler::getHostAddress (54 bytes)
Event: 9.052 Thread 0x00007f94740be000 nmethod 1849 0x00007f94651bf6d0 code [0x00007f94651bf820, 0x00007f94651bfb78]
Event: 9.052 Thread 0x00007f94740bf800 1850       3       java.io.ObjectStreamField::setOffset (6 bytes)
Event: 9.052 Thread 0x00007f94740bf800 nmethod 1850 0x00007f94651c40d0 code [0x00007f94651c4220, 0x00007f94651c4370]
Event: 9.054 Thread 0x00007f94740bf800 1851       1       java.io.ObjectStreamClass$FieldReflectorKey::hashCode (5 bytes)
Event: 9.054 Thread 0x00007f94740bf800 nmethod 1851 0x00007f94651c3e10 code [0x00007f94651c3f60, 0x00007f94651c4070]
Event: 9.054 Thread 0x00007f94740bf800 1852       3       java.lang.Class::privateGetDeclaredFields (67 bytes)
Event: 9.063 Thread 0x00007f94740bf800 nmethod 1852 0x00007f94651cc5d0 code [0x00007f94651cc7e0, 0x00007f94651cd0e8]
Event: 9.102 Thread 0x00007f94740bf800 1853       3       java.lang.Class::getDeclaredMethod (67 bytes)
Event: 9.103 Thread 0x00007f94740bf800 nmethod 1853 0x00007f94651cb0d0 code [0x00007f94651cb340, 0x00007f94651cbff8]

GC Heap History (9 events):
Event: 1.058 GC heap before
{Heap before GC invocations=1 (full 0):
 PSYoungGen      total 35840K, used 30720K [0x00000000d5580000, 0x00000000d7d80000, 0x0000000100000000)
  eden space 30720K, 100% used [0x00000000d5580000,0x00000000d7380000,0x00000000d7380000)
  from space 5120K, 0% used [0x00000000d7880000,0x00000000d7880000,0x00000000d7d80000)
  to   space 5120K, 0% used [0x00000000d7380000,0x00000000d7380000,0x00000000d7880000)
 ParOldGen       total 81920K, used 0K [0x0000000080000000, 0x0000000085000000, 0x00000000d5580000)
  object space 81920K, 0% used [0x0000000080000000,0x0000000080000000,0x0000000085000000)
 Metaspace       used 7118K, capacity 7326K, committed 7424K, reserved 1056768K
  class space    used 886K, capacity 973K, committed 1024K, reserved 1048576K
Event: 1.074 GC heap after
Heap after GC invocations=1 (full 0):
 PSYoungGen      total 35840K, used 4256K [0x00000000d5580000, 0x00000000d9b80000, 0x0000000100000000)
  eden space 30720K, 0% used [0x00000000d5580000,0x00000000d5580000,0x00000000d7380000)
  from space 5120K, 83% used [0x00000000d7380000,0x00000000d77a81f0,0x00000000d7880000)
  to   space 5120K, 0% used [0x00000000d9680000,0x00000000d9680000,0x00000000d9b80000)
 ParOldGen       total 81920K, used 8K [0x0000000080000000, 0x0000000085000000, 0x00000000d5580000)
  object space 81920K, 0% used [0x0000000080000000,0x0000000080002000,0x0000000085000000)
 Metaspace       used 7118K, capacity 7326K, committed 7424K, reserved 1056768K
  class space    used 886K, capacity 973K, committed 1024K, reserved 1048576K
}
Event: 1.419 GC heap before
{Heap before GC invocations=2 (full 0):
 PSYoungGen      total 35840K, used 34976K [0x00000000d5580000, 0x00000000d9b80000, 0x0000000100000000)
  eden space 30720K, 100% used [0x00000000d5580000,0x00000000d7380000,0x00000000d7380000)
  from space 5120K, 83% used [0x00000000d7380000,0x00000000d77a81f0,0x00000000d7880000)
  to   space 5120K, 0% used [0x00000000d9680000,0x00000000d9680000,0x00000000d9b80000)
 ParOldGen       total 81920K, used 8K [0x0000000080000000, 0x0000000085000000, 0x00000000d5580000)
  object space 81920K, 0% used [0x0000000080000000,0x0000000080002000,0x0000000085000000)
 Metaspace       used 7539K, capacity 7798K, committed 8064K, reserved 1056768K
  class space    used 958K, capacity 1045K, committed 1152K, reserved 1048576K
Event: 1.428 GC heap after
Heap after GC invocations=2 (full 0):
 PSYoungGen      total 66560K, used 3633K [0x00000000d5580000, 0x00000000d9b80000, 0x0000000100000000)
  eden space 61440K, 0% used [0x00000000d5580000,0x00000000d5580000,0x00000000d9180000)
  from space 5120K, 70% used [0x00000000d9680000,0x00000000d9a0c5d8,0x00000000d9b80000)
  to   space 5120K, 0% used [0x00000000d9180000,0x00000000d9180000,0x00000000d9680000)
 ParOldGen       total 81920K, used 16K [0x0000000080000000, 0x0000000085000000, 0x00000000d5580000)
  object space 81920K, 0% used [0x0000000080000000,0x0000000080004000,0x0000000085000000)
 Metaspace       used 7539K, capacity 7798K, committed 8064K, reserved 1056768K
  class space    used 958K, capacity 1045K, committed 1152K, reserved 1048576K
}
Event: 2.216 GC heap before
{Heap before GC invocations=3 (full 0):
 PSYoungGen      total 66560K, used 65073K [0x00000000d5580000, 0x00000000d9b80000, 0x0000000100000000)
  eden space 61440K, 100% used [0x00000000d5580000,0x00000000d9180000,0x00000000d9180000)
  from space 5120K, 70% used [0x00000000d9680000,0x00000000d9a0c5d8,0x00000000d9b80000)
  to   space 5120K, 0% used [0x00000000d9180000,0x00000000d9180000,0x00000000d9680000)
 ParOldGen       total 81920K, used 16K [0x0000000080000000, 0x0000000085000000, 0x00000000d5580000)
  object space 81920K, 0% used [0x0000000080000000,0x0000000080004000,0x0000000085000000)
 Metaspace       used 14787K, capacity 15318K, committed 15488K, reserved 1062912K
  class space    used 1966K, capacity 2131K, committed 2176K, reserved 1048576K
Event: 2.228 GC heap after
Heap after GC invocations=3 (full 0):
 PSYoungGen      total 66560K, used 5104K [0x00000000d5580000, 0x00000000dd780000, 0x0000000100000000)
  eden space 61440K, 0% used [0x00000000d5580000,0x00000000d5580000,0x00000000d9180000)
  from space 5120K, 99% used [0x00000000d9180000,0x00000000d967c218,0x00000000d9680000)
  to   space 5120K, 0% used [0x00000000dd280000,0x00000000dd280000,0x00000000dd780000)
 ParOldGen       total 81920K, used 4343K [0x0000000080000000, 0x0000000085000000, 0x00000000d5580000)
  object space 81920K, 5% used [0x0000000080000000,0x000000008043dfd8,0x0000000085000000)
 Metaspace       used 14787K, capacity 15318K, committed 15488K, reserved 1062912K
  class space    used 1966K, capacity 2131K, committed 2176K, reserved 1048576K
}
Event: 4.105 GC heap before
{Heap before GC invocations=4 (full 0):
 PSYoungGen      total 66560K, used 66544K [0x00000000d5580000, 0x00000000dd780000, 0x0000000100000000)
  eden space 61440K, 100% used [0x00000000d5580000,0x00000000d9180000,0x00000000d9180000)
  from space 5120K, 99% used [0x00000000d9180000,0x00000000d967c218,0x00000000d9680000)
  to   space 5120K, 0% used [0x00000000dd280000,0x00000000dd280000,0x00000000dd780000)
 ParOldGen       total 81920K, used 4343K [0x0000000080000000, 0x0000000085000000, 0x00000000d5580000)
  object space 81920K, 5% used [0x0000000080000000,0x000000008043dfd8,0x0000000085000000)
 Metaspace       used 19927K, capacity 20614K, committed 20736K, reserved 1067008K
  class space    used 2788K, capacity 2963K, committed 3072K, reserved 1048576K
Event: 4.173 GC heap after
Heap after GC invocations=4 (full 0):
 PSYoungGen      total 128000K, used 5088K [0x00000000d5580000, 0x00000000dd780000, 0x0000000100000000)
  eden space 122880K, 0% used [0x00000000d5580000,0x00000000d5580000,0x00000000dcd80000)
  from space 5120K, 99% used [0x00000000dd280000,0x00000000dd778040,0x00000000dd780000)
  to   space 5120K, 0% used [0x00000000dcd80000,0x00000000dcd80000,0x00000000dd280000)
 ParOldGen       total 81920K, used 10302K [0x0000000080000000, 0x0000000085000000, 0x00000000d5580000)
  object space 81920K, 12% used [0x0000000080000000,0x0000000080a0fb70,0x0000000085000000)
 Metaspace       used 19927K, capacity 20614K, committed 20736K, reserved 1067008K
  class space    used 2788K, capacity 2963K, committed 3072K, reserved 1048576K
}
Event: 9.183 GC heap before
{Heap before GC invocations=5 (full 0):
 PSYoungGen      total 128000K, used 23508K [0x00000000d5580000, 0x00000000dd780000, 0x0000000100000000)
  eden space 122880K, 14% used [0x00000000d5580000,0x00000000d677d1b0,0x00000000dcd80000)
  from space 5120K, 99% used [0x00000000dd280000,0x00000000dd778040,0x00000000dd780000)
  to   space 5120K, 0% used [0x00000000dcd80000,0x00000000dcd80000,0x00000000dd280000)
 ParOldGen       total 81920K, used 10302K [0x0000000080000000, 0x0000000085000000, 0x00000000d5580000)
  object space 81920K, 12% used [0x0000000080000000,0x0000000080a0fb70,0x0000000085000000)
 Metaspace       used 20453K, capacity 21258K, committed 21296K, reserved 1067008K
  class space    used 2858K, capacity 3085K, committed 3120K, reserved 1048576K

Deoptimization events (10 events):
Event: 8.923 Thread 0x00007f9410009000 Uncommon trap: reason=bimorphic action=maybe_recompile pc=0x00007f94650345f4 method=java.lang.ClassLoader.loadClass(Ljava/lang/String;Z)Ljava/lang/Class; @ 38
Event: 8.924 Thread 0x00007f9410009000 Uncommon trap: reason=bimorphic action=maybe_recompile pc=0x00007f94650345f4 method=java.lang.ClassLoader.loadClass(Ljava/lang/String;Z)Ljava/lang/Class; @ 38
Event: 8.927 Thread 0x00007f9410009000 Uncommon trap: reason=class_check action=maybe_recompile pc=0x00007f9465190c94 method=java.security.MessageDigest$Delegate.engineUpdate([BII)V @ 7
Event: 8.927 Thread 0x00007f9410009000 Uncommon trap: reason=predicate action=maybe_recompile pc=0x00007f946518cba0 method=sun.security.provider.DigestBase.implCompressMultiBlock0([BII)I @ 5
Event: 8.928 Thread 0x00007f9410009000 Uncommon trap: reason=unstable_if action=reinterpret pc=0x00007f9465137b00 method=java.net.URLClassLoader.getAndVerifyPackage(Ljava/lang/String;Ljava/util/jar/Manifest;Ljava/net/URL;)Ljava/lang/Package; @ 62
Event: 8.931 Thread 0x00007f9410009000 Uncommon trap: reason=bimorphic action=maybe_recompile pc=0x00007f9465118544 method=java.lang.ClassLoader.getPackage(Ljava/lang/String;)Ljava/lang/Package; @ 47
Event: 8.932 Thread 0x00007f9410009000 Uncommon trap: reason=unstable_if action=reinterpret pc=0x00007f9465118034 method=java.net.URLClassLoader.getAndVerifyPackage(Ljava/lang/String;Ljava/util/jar/Manifest;Ljava/net/URL;)Ljava/lang/Package; @ 62
Event: 8.937 Thread 0x00007f9410009000 Uncommon trap: reason=class_check action=maybe_recompile pc=0x00007f9465190c94 method=java.security.MessageDigest$Delegate.engineUpdate([BII)V @ 7
Event: 8.937 Thread 0x00007f9410009000 Uncommon trap: reason=predicate action=maybe_recompile pc=0x00007f9465172e08 method=sun.security.provider.DigestBase.implCompressMultiBlock0([BII)I @ 5
Event: 9.064 Thread 0x00007f9410009000 Uncommon trap: reason=class_check action=maybe_recompile pc=0x00007f9465190c94 method=java.security.MessageDigest$Delegate.engineUpdate([BII)V @ 7

Classes redefined (0 events):
No events

Internal exceptions (10 events):
Event: 1.848 Thread 0x00007f9410003800 Exception <a 'java/lang/NoSuchMethodError': <clinit>> (0x00000000d6faa358) thrown at [/buildbot/src/googleplex-android/openjdk/out/hotspot/src/share/vm/prims/jni.cpp, line 1615]
Event: 1.849 Thread 0x00007f9410003800 Exception <a 'java/lang/NoSuchMethodError': <clinit>> (0x00000000d6fb67d0) thrown at [/buildbot/src/googleplex-android/openjdk/out/hotspot/src/share/vm/prims/jni.cpp, line 1615]
Event: 2.312 Thread 0x00007f9410009000 Exception <a 'java/lang/NoSuchMethodError': java.lang.Object.lambda$and$0(Ljava/util/function/Predicate;Ljava/lang/Object;)Z> (0x00000000d58e7848) thrown at [/buildbot/src/googleplex-android/openjdk/out/hotspot/src/share/vm/interpreter/linkResolver.cpp, l
Event: 2.322 Thread 0x00007f9410009000 Exception <a 'java/lang/IncompatibleClassChangeError': Found class java.lang.Object, but interface was expected> (0x00000000d58f7b40) thrown at [/buildbot/src/googleplex-android/openjdk/out/hotspot/src/share/vm/interpreter/linkResolver.cpp, line 653]
Event: 2.324 Thread 0x00007f9410009000 Exception <a 'java/lang/NoSuchMethodError': java.lang.Object.lambda$or$2(Ljava/util/function/Predicate;Ljava/lang/Object;)Z> (0x00000000d58fc690) thrown at [/buildbot/src/googleplex-android/openjdk/out/hotspot/src/share/vm/interpreter/linkResolver.cpp, li
Event: 2.589 Thread 0x00007f9410009000 Exception <a 'java/lang/NoSuchMethodError': java.lang.Object.lambda$static$0(Lorg/gradle/internal/state/ModelObject;)Ljava/lang/String;> (0x00000000d70debb8) thrown at [/buildbot/src/googleplex-android/openjdk/out/hotspot/src/share/vm/interpreter/linkReso
Event: 3.563 Thread 0x00007f9410009000 Exception <a 'java/lang/NoSuchMethodError': java.lang.Object.lambda$static$1(Lorg/gradle/internal/snapshot/SnapshotHierarchy$DiffCapturingUpdateFunction;)Lorg/gradle/internal/snapshot/AtomicSnapshotHierarchyReference$UpdateFunction;> (0x00000000d8872df0) 
Event: 8.744 Thread 0x00007f9410009000 Exception <a 'java/lang/NoSuchMethodError': java.lang.Object.lambda$collectUrl$0(Ljava/util/function/Consumer;Ljava/io/File;)V> (0x00000000d62522c8) thrown at [/buildbot/src/googleplex-android/openjdk/out/hotspot/src/share/vm/interpreter/linkResolver.cpp,
Event: 8.926 Thread 0x00007f9410009000 Exception <a 'java/lang/NoSuchMethodError': <clinit>> (0x00000000d62beed8) thrown at [/buildbot/src/googleplex-android/openjdk/out/hotspot/src/share/vm/prims/jni.cpp, line 1615]
Event: 8.937 Thread 0x00007f9410009000 Exception <a 'java/lang/NoSuchMethodError': <clinit>> (0x00000000d63560f0) thrown at [/buildbot/src/googleplex-android/openjdk/out/hotspot/src/share/vm/prims/jni.cpp, line 1615]

Events (10 events):
Event: 9.071 loading class gnu/trove/TObjectHashingStrategy done
Event: 9.072 loading class gnu/trove/Equality
Event: 9.072 loading class gnu/trove/Equality done
Event: 9.074 loading class gnu/trove/THash
Event: 9.074 loading class gnu/trove/THash done
Event: 9.098 loading class gnu/trove/TObjectHash$NULL
Event: 9.098 loading class gnu/trove/TObjectHash$NULL done
Event: 9.099 loading class gnu/trove/TObjectProcedure
Event: 9.099 loading class gnu/trove/TObjectProcedure done
Event: 9.165 Executing VM operation: CollectForMetadataAllocation


Dynamic libraries:
00400000-00401000 r-xp 00000000 07:0f 666                                /snap/android-studio/100/android-studio/jre/bin/java
00401000-00402000 r--p 00000000 07:0f 666                                /snap/android-studio/100/android-studio/jre/bin/java
00402000-00403000 rw-p 00001000 07:0f 666                                /snap/android-studio/100/android-studio/jre/bin/java
01998000-019b9000 rw-p 00000000 00:00 0                                  [heap]
80000000-85000000 rw-p 00000000 00:00 0 
85000000-d5580000 ---p 00000000 00:00 0 
d5580000-dd780000 rw-p 00000000 00:00 0 
e5d80000-100000000 ---p 00000000 00:00 0 
100000000-10030c000 rw-p 00000000 00:00 0 
10030c000-140000000 ---p 00000000 00:00 0 
7f93d8000000-7f93d8021000 rw-p 00000000 00:00 0 
7f93d8021000-7f93dc000000 ---p 00000000 00:00 0 
7f93e0000000-7f93e0021000 rw-p 00000000 00:00 0 
7f93e0021000-7f93e4000000 ---p 00000000 00:00 0 
7f93e4000000-7f93e4021000 rw-p 00000000 00:00 0 
7f93e4021000-7f93e8000000 ---p 00000000 00:00 0 
7f93e8000000-7f93e8021000 rw-p 00000000 00:00 0 
7f93e8021000-7f93ec000000 ---p 00000000 00:00 0 
7f93ee6b5000-7f93ee979000 r--s 01c65000 08:01 5782299                    /home/moringa/.gradle/caches/jars-8/o_3df8cd05cb0c6213ff77f8cec79028ce/gradle-api-impldep-6.1.1.jar
7f93ee979000-7f93eeaed000 r--s 00d0a000 08:01 5782253                    /home/moringa/.gradle/caches/jars-8/o_6ea1e8155310d879d66b539663a8ec15/gradle-api-6.1.1.jar
7f93eeaed000-7f93eeaf0000 ---p 00000000 00:00 0 
7f93eeaf0000-7f93eebee000 rw-p 00000000 00:00 0 
7f93eebee000-7f93eebf1000 ---p 00000000 00:00 0 
7f93eebf1000-7f93eecef000 rw-p 00000000 00:00 0 
7f93eecef000-7f93eecf2000 ---p 00000000 00:00 0 
7f93eecf2000-7f93eedf0000 rw-p 00000000 00:00 0 
7f93eedf0000-7f93eedf3000 ---p 00000000 00:00 0 
7f93eedf3000-7f93eeef1000 rw-p 00000000 00:00 0 
7f93eeef1000-7f93eeef4000 ---p 00000000 00:00 0 
7f93eeef4000-7f93eeff2000 rw-p 00000000 00:00 0 
7f93eeff2000-7f93eeff5000 ---p 00000000 00:00 0 
7f93eeff5000-7f93ef0f3000 rw-p 00000000 00:00 0 
7f93ef0f3000-7f93ef0f6000 ---p 00000000 00:00 0 
7f93ef0f6000-7f93ef1f4000 rw-p 00000000 00:00 0 
7f93ef1f4000-7f93ef1f7000 ---p 00000000 00:00 0 
7f93ef1f7000-7f93ef2f5000 rw-p 00000000 00:00 0 
7f93ef2f5000-7f93ef2f8000 ---p 00000000 00:00 0 
7f93ef2f8000-7f93ef3f6000 rw-p 00000000 00:00 0 
7f93ef3f6000-7f93ef3f9000 ---p 00000000 00:00 0 
7f93ef3f9000-7f93ef4f7000 rw-p 00000000 00:00 0 
7f93ef4f7000-7f93ef4fa000 ---p 00000000 00:00 0 
7f93ef4fa000-7f93ef5f8000 rw-p 00000000 00:00 0 
7f93ef5f8000-7f93ef5fb000 ---p 00000000 00:00 0 
7f93ef5fb000-7f93ef6f9000 rw-p 00000000 00:00 0 
7f93ef6f9000-7f93ef6fc000 ---p 00000000 00:00 0 
7f93ef6fc000-7f93ef7fa000 rw-p 00000000 00:00 0 
7f93ef7fa000-7f93ef7fd000 ---p 00000000 00:00 0 
7f93ef7fd000-7f93ef8fb000 rw-p 00000000 00:00 0 
7f93ef8fb000-7f93ef8fe000 ---p 00000000 00:00 0 
7f93ef8fe000-7f93ef9fc000 rw-p 00000000 00:00 0 
7f93ef9fc000-7f93ef9ff000 ---p 00000000 00:00 0 
7f93ef9ff000-7f93efafd000 rw-p 00000000 00:00 0 
7f93efafd000-7f93efb00000 ---p 00000000 00:00 0 
7f93efb00000-7f93efbfe000 rw-p 00000000 00:00 0 
7f93efbfe000-7f93efc01000 ---p 00000000 00:00 0 
7f93efc01000-7f93efcff000 rw-p 00000000 00:00 0 
7f93efcff000-7f93efd02000 ---p 00000000 00:00 0 
7f93efd02000-7f93effc0000 rw-p 00000000 00:00 0 
7f93effc0000-7f93f0000000 ---p 00000000 00:00 0 
7f93f0000000-7f93f0021000 rw-p 00000000 00:00 0 
7f93f0021000-7f93f4000000 ---p 00000000 00:00 0 
7f93f4000000-7f93f4021000 rw-p 00000000 00:00 0 
7f93f4021000-7f93f8000000 ---p 00000000 00:00 0 
7f93f8000000-7f93f8021000 rw-p 00000000 00:00 0 
7f93f8021000-7f93fc000000 ---p 00000000 00:00 0 
7f93fc000000-7f93fc021000 rw-p 00000000 00:00 0 
7f93fc021000-7f9400000000 ---p 00000000 00:00 0 
7f9400000000-7f94003df000 rw-p 00000000 00:00 0 
7f94003df000-7f9404000000 ---p 00000000 00:00 0 
7f9404000000-7f9404021000 rw-p 00000000 00:00 0 
7f9404021000-7f9408000000 ---p 00000000 00:00 0 
7f9408000000-7f9408021000 rw-p 00000000 00:00 0 
7f9408021000-7f940c000000 ---p 00000000 00:00 0 
7f940c000000-7f940ce91000 rw-p 00000000 00:00 0 
7f940ce91000-7f9410000000 ---p 00000000 00:00 0 
7f9410000000-7f9410021000 rw-p 00000000 00:00 0 
7f9410021000-7f9414000000 ---p 00000000 00:00 0 
7f9414000000-7f9414021000 rw-p 00000000 00:00 0 
7f9414021000-7f9418000000 ---p 00000000 00:00 0 
7f9418000000-7f9418068000 rw-p 00000000 00:00 0 
7f9418068000-7f941c000000 ---p 00000000 00:00 0 
7f941c000000-7f941c021000 rw-p 00000000 00:00 0 
7f941c021000-7f9420000000 ---p 00000000 00:00 0 
7f9420000000-7f9420021000 rw-p 00000000 00:00 0 
7f9420021000-7f9424000000 ---p 00000000 00:00 0 
7f94240c0000-7f94240c2000 r--s 0000c000 08:01 8917069                    /home/moringa/.gradle/caches/jars-8/o_b2c2b0f2f756148c6290eb25720d04dc/external-system-rt.jar
7f94240c2000-7f94240cd000 r--s 000aa000 08:01 5782352                    /home/moringa/.gradle/caches/jars-8/o_2daa8a88fb68b91149a30998d45aa1f5/ion-java-1.5.2-2.jar
7f94240cd000-7f94240f6000 r--s 004e2000 08:01 8654919                    /home/moringa/.gradle/caches/jars-8/o_4571f6d22cb7ebebd50b1e79232887f1/util.jar
7f94240f6000-7f94240f9000 ---p 00000000 00:00 0 
7f94240f9000-7f94241f7000 rw-p 00000000 00:00 0 
7f94241f7000-7f94241fa000 ---p 00000000 00:00 0 
7f94241fa000-7f94244f8000 rw-p 00000000 00:00 0 
7f94244f8000-7f94244fb000 ---p 00000000 00:00 0 
7f94244fb000-7f94245f9000 rw-p 00000000 00:00 0 
7f94245f9000-7f94245fc000 ---p 00000000 00:00 0 
7f94245fc000-7f94246fa000 rw-p 00000000 00:00 0 
7f94246fa000-7f94246fd000 ---p 00000000 00:00 0 
7f94246fd000-7f94249fb000 rw-p 00000000 00:00 0 
7f94249fb000-7f94249fe000 ---p 00000000 00:00 0 
7f94249fe000-7f9424afc000 rw-p 00000000 00:00 0 
7f9424afc000-7f9424aff000 ---p 00000000 00:00 0 
7f9424aff000-7f9424bfd000 rw-p 00000000 00:00 0 
7f9424bfd000-7f9424c00000 ---p 00000000 00:00 0 
7f9424c00000-7f9424cfe000 rw-p 00000000 00:00 0 
7f9424cfe000-7f9424d01000 ---p 00000000 00:00 0 
7f9424d01000-7f9424fff000 rw-p 00000000 00:00 0 
7f9424fff000-7f9428000000 rw-p 00000000 00:00 0 
7f9428000000-7f9428021000 rw-p 00000000 00:00 0 
7f9428021000-7f942c000000 ---p 00000000 00:00 0 
7f942c000000-7f942c021000 rw-p 00000000 00:00 0 
7f942c021000-7f9430000000 ---p 00000000 00:00 0 
7f9430000000-7f9431954000 rw-p 00000000 00:00 0 
7f9431954000-7f9434000000 ---p 00000000 00:00 0 
7f9434000000-7f9434bf1000 rw-p 00000000 00:00 0 
7f9434bf1000-7f9438000000 ---p 00000000 00:00 0 
7f9438000000-7f9438021000 rw-p 00000000 00:00 0 
7f9438021000-7f943c000000 ---p 00000000 00:00 0 
7f943c000000-7f943ddfa000 rw-p 00000000 00:00 0 
7f943ddfa000-7f9440000000 ---p 00000000 00:00 0 
7f9440000000-7f9440021000 rw-p 00000000 00:00 0 
7f9440021000-7f9444000000 ---p 00000000 00:00 0 
7f9444000000-7f9444021000 rw-p 00000000 00:00 0 
7f9444021000-7f9448000000 ---p 00000000 00:00 0 
7f9448000000-7f9448021000 rw-p 00000000 00:00 0 
7f9448021000-7f944c000000 ---p 00000000 00:00 0 
7f944c000000-7f944c2b9000 rw-p 00000000 00:00 0 
7f944c2b9000-7f9450000000 ---p 00000000 00:00 0 
7f9450000000-7f945002f000 rw-p 00000000 00:00 0 
7f945002f000-7f9454000000 ---p 00000000 00:00 0 
7f9454000000-7f9454021000 rw-p 00000000 00:00 0 
7f9454021000-7f9458000000 ---p 00000000 00:00 0 
7f9458000000-7f945c000000 rw-p 00000000 00:00 0 
7f945c000000-7f945c021000 rw-p 00000000 00:00 0 
7f945c021000-7f9460000000 ---p 00000000 00:00 0 
7f9460001000-7f946000c000 r--s 00081000 08:01 5782305                    /home/moringa/.gradle/caches/jars-8/o_b60b5dd218cf67e8c7a89e4eb4952e61/trove4j.jar
7f946000c000-7f9460011000 r--s 00055000 08:01 8654917                    /home/moringa/.gradle/caches/jars-8/o_1a09e2d7cfcee78dc9082ac6a3a24fa7/gradle-tooling-extension-api.jar
7f9460011000-7f9460012000 r--s 00002000 08:01 8522867                    /home/moringa/.gradle/caches/jars-8/o_993535111b7c75a3789884778a575722/gradle-toolingLoaderRt.jar
7f9460012000-7f946008c000 r--s 01104000 07:0f 876                        /snap/android-studio/100/android-studio/jre/lib/tools.jar
7f946008c000-7f946008f000 ---p 00000000 00:00 0 
7f946008f000-7f946018d000 rw-p 00000000 00:00 0 
7f946018d000-7f9460190000 ---p 00000000 00:00 0 
7f9460190000-7f946028e000 rw-p 00000000 00:00 0 
7f946028e000-7f9460291000 ---p 00000000 00:00 0 
7f9460291000-7f946038f000 rw-p 00000000 00:00 0 
7f946038f000-7f9460392000 ---p 00000000 00:00 0 
7f9460392000-7f9460490000 rw-p 00000000 00:00 0 
7f9460490000-7f9460497000 r--s 00000000 08:01 12591419                   /usr/lib/x86_64-linux-gnu/gconv/gconv-modules.cache
7f9460497000-7f946049a000 ---p 00000000 00:00 0 
7f946049a000-7f9460598000 rw-p 00000000 00:00 0 
7f9460598000-7f946059d000 r--s 000a3000 07:0f 835                        /snap/android-studio/100/android-studio/jre/jre/lib/jsse.jar
7f946059d000-7f946079d000 rw-p 00000000 00:00 0 
7f946079d000-7f94607a0000 ---p 00000000 00:00 0 
7f94607a0000-7f946089e000 rw-p 00000000 00:00 0 
7f946089e000-7f94608a6000 r-xp 00000000 07:0f 755                        /snap/android-studio/100/android-studio/jre/jre/lib/amd64/libmanagement.so
7f94608a6000-7f94608a7000 r--p 00007000 07:0f 755                        /snap/android-studio/100/android-studio/jre/jre/lib/amd64/libmanagement.so
7f94608a7000-7f94608a8000 rw-p 00008000 07:0f 755                        /snap/android-studio/100/android-studio/jre/jre/lib/amd64/libmanagement.so
7f94608a8000-7f94608aa000 r--s 00010000 08:01 5382649                    /home/moringa/.gradle/wrapper/dists/gradle-6.5-bin/6nifqtx7604sqp1q6g8wikw7p/gradle-6.5/lib/plugins/gradle-tooling-api-builders-6.5.jar
7f94608aa000-7f94608be000 r--s 0014c000 08:01 5382633                    /home/moringa/.gradle/wrapper/dists/gradle-6.5-bin/6nifqtx7604sqp1q6g8wikw7p/gradle-6.5/lib/plugins/gradle-instant-execution-6.5.jar
7f94608be000-7f94608bf000 r--s 00005000 08:01 5382625                    /home/moringa/.gradle/wrapper/dists/gradle-6.5-bin/6nifqtx7604sqp1q6g8wikw7p/gradle-6.5/lib/plugins/gradle-build-profile-6.5.jar
7f94608bf000-7f94608c1000 r--s 00003000 08:01 5382629                    /home/moringa/.gradle/wrapper/dists/gradle-6.5-bin/6nifqtx7604sqp1q6g8wikw7p/gradle-6.5/lib/plugins/gradle-tooling-native-6.5.jar
7f94608c1000-7f94608c5000 r--s 00017000 08:01 5382634                    /home/moringa/.gradle/wrapper/dists/gradle-6.5-bin/6nifqtx7604sqp1q6g8wikw7p/gradle-6.5/lib/plugins/gradle-testing-native-6.5.jar
7f94608c5000-7f94608c6000 r--s 00001000 08:01 5382744                    /home/moringa/.gradle/wrapper/dists/gradle-6.5-bin/6nifqtx7604sqp1q6g8wikw7p/gradle-6.5/lib/plugins/opentest4j-1.2.0.jar
7f94608c6000-7f94608c9000 r--s 0001b000 08:01 5382716                    /home/moringa/.gradle/wrapper/dists/gradle-6.5-bin/6nifqtx7604sqp1q6g8wikw7p/gradle-6.5/lib/plugins/junit-platform-launcher-1.6.0.jar
7f94608c9000-7f94608ce000 r--s 00026000 08:01 5382714                    /home/moringa/.gradle/wrapper/dists/gradle-6.5-bin/6nifqtx7604sqp1q6g8wikw7p/gradle-6.5/lib/plugins/junit-platform-engine-1.6.0.jar
7f94608ce000-7f94608d0000 r--s 00016000 08:01 5382715                    /home/moringa/.gradle/wrapper/dists/gradle-6.5-bin/6nifqtx7604sqp1q6g8wikw7p/gradle-6.5/lib/plugins/junit-platform-commons-1.6.0.jar
7f94608d0000-7f94608d1000 r--s 00000000 08:01 5382743                    /home/moringa/.gradle/wrapper/dists/gradle-6.5-bin/6nifqtx7604sqp1q6g8wikw7p/gradle-6.5/lib/plugins/apiguardian-api-1.1.0.jar
7f94608d1000-7f94608d2000 r--s 00003000 08:01 5382648                    /home/moringa/.gradle/wrapper/dists/gradle-6.5-bin/6nifqtx7604sqp1q6g8wikw7p/gradle-6.5/lib/plugins/gradle-testing-junit-platform-6.5.jar
7f94608d2000-7f94608d5000 r--s 00009000 08:01 5382642                    /home/moringa/.gradle/wrapper/dists/gradle-6.5-bin/6nifqtx7604sqp1q6g8wikw7p/gradle-6.5/lib/plugins/gradle-signing-6.5.jar
7f94608d5000-7f94608d7000 r--s 0000a000 08:01 5382644                    /home/moringa/.gradle/wrapper/dists/gradle-6.5-bin/6nifqtx7604sqp1q6g8wikw7p/gradle-6.5/lib/plugins/gradle-scala-6.5.jar
7f94608d7000-7f94608d8000 r--s 00004000 08:01 5382668                    /home/moringa/.gradle/wrapper/dists/gradle-6.5-bin/6nifqtx7604sqp1q6g8wikw7p/gradle-6.5/lib/plugins/gradle-resources-sftp-6.5.jar
7f94608d8000-7f94608da000 r--s 00005000 08:01 5382703                    /home/moringa/.gradle/wrapper/dists/gradle-6.5-bin/6nifqtx7604sqp1q6g8wikw7p/gradle-6.5/lib/plugins/jmespath-java-1.11.633.jar
7f94608da000-7f94608e4000 r--s 00081000 08:01 5382742                    /home/moringa/.gradle/wrapper/dists/gradle-6.5-bin/6nifqtx7604sqp1q6g8wikw7p/gradle-6.5/lib/plugins/ion-java-1.0.2.jar
7f94608e4000-7f94608fb000 r--s 000e1000 08:01 5382676                    /home/moringa/.gradle/wrapper/dists/gradle-6.5-bin/6nifqtx7604sqp1q6g8wikw7p/gradle-6.5/lib/plugins/aws-java-sdk-s3-1.11.633.jar
7f94608fb000-7f9460906000 r--s 00074000 08:01 5382677                    /home/moringa/.gradle/wrapper/dists/gradle-6.5-bin/6nifqtx7604sqp1q6g8wikw7p/gradle-6.5/lib/plugins/aws-java-sdk-kms-1.11.633.jar
7f9460906000-7f946091d000 r--s 000d5000 08:01 5382678                    /home/moringa/.gradle/wrapper/dists/gradle-6.5-bin/6nifqtx7604sqp1q6g8wikw7p/gradle-6.5/lib/plugins/aws-java-sdk-core-1.11.633.jar
7f946091d000-7f946091f000 r--s 00004000 08:01 5382665                    /home/moringa/.gradle/wrapper/dists/gradle-6.5-bin/6nifqtx7604sqp1q6g8wikw7p/gradle-6.5/lib/plugins/gradle-resources-s3-6.5.jar
7f946091f000-7f946092f000 r--s 0008d000 08:01 5382707                    /home/moringa/.gradle/wrapper/dists/gradle-6.5-bin/6nifqtx7604sqp1q6g8wikw7p/gradle-6.5/lib/plugins/joda-time-2.10.4.jar
7f946092f000-7f9460944000 r--s 00142000 08:01 5382704                    /home/moringa/.gradle/wrapper/dists/gradle-6.5-bin/6nifqtx7604sqp1q6g8wikw7p/gradle-6.5/lib/plugins/jackson-databind-2.10.2.jar
7f9460944000-7f9460949000 r--s 00051000 08:01 5382705                    /home/moringa/.gradle/wrapper/dists/gradle-6.5-bin/6nifqtx7604sqp1q6g8wikw7p/gradle-6.5/lib/plugins/jackson-core-2.10.2.jar
7f9460949000-7f946094c000 r--s 0000e000 08:01 5382706                    /home/moringa/.gradle/wrapper/dists/gradle-6.5-bin/6nifqtx7604sqp1q6g8wikw7p/gradle-6.5/lib/plugins/jackson-annotations-2.10.2.jar
7f946094c000-7f946094f000 r--s 0000d000 08:01 5382679                    /home/moringa/.gradle/wrapper/dists/gradle-6.5-bin/6nifqtx7604sqp1q6g8wikw7p/gradle-6.5/lib/plugins/google-oauth-client-1.25.0.jar
7f946094f000-7f9460950000 r--s 00001000 08:01 5382680                    /home/moringa/.gradle/wrapper/dists/gradle-6.5-bin/6nifqtx7604sqp1q6g8wikw7p/gradle-6.5/lib/plugins/google-http-client-jackson2-1.25.0.jar
7f9460950000-7f946095a000 r--s 00056000 08:01 5382681                    /home/moringa/.gradle/wrapper/dists/gradle-6.5-bin/6nifqtx7604sqp1q6g8wikw7p/gradle-6.5/lib/plugins/google-http-client-1.25.0.jar
7f946095a000-7f946095e000 r--s 0001d000 08:01 5382674                    /home/moringa/.gradle/wrapper/dists/gradle-6.5-bin/6nifqtx7604sqp1q6g8wikw7p/gradle-6.5/lib/plugins/google-api-services-storage-v1-rev136-1.25.0.jar
7f946095e000-7f9460963000 r--s 0002d000 08:01 5382675                    /home/moringa/.gradle/wrapper/dists/gradle-6.5-bin/6nifqtx7604sqp1q6g8wikw7p/gradle-6.5/lib/plugins/google-api-client-1.25.0.jar
7f9460963000-7f9460965000 r--s 00003000 08:01 5382664                    /home/moringa/.gradle/wrapper/dists/gradle-6.5-bin/6nifqtx7604sqp1q6g8wikw7p/gradle-6.5/lib/plugins/gradle-resources-gcs-6.5.jar
7f9460965000-7f946096c000 r--s 00030000 08:01 5382640                    /home/moringa/.gradle/wrapper/dists/gradle-6.5-bin/6nifqtx7604sqp1q6g8wikw7p/gradle-6.5/lib/plugins/gradle-platform-play-6.5.jar
7f946096c000-7f946097e000 r--s 00078000 08:01 5382654                    /home/moringa/.gradle/wrapper/dists/gradle-6.5-bin/6nifqtx7604sqp1q6g8wikw7p/gradle-6.5/lib/plugins/gradle-platform-native-6.5.jar
7f946097e000-7f9460981000 r--s 0000f000 08:01 5382647                    /home/moringa/.gradle/wrapper/dists/gradle-6.5-bin/6nifqtx7604sqp1q6g8wikw7p/gradle-6.5/lib/plugins/gradle-language-scala-6.5.jar
7f9460981000-7f946098d000 r--s 00053000 08:01 5382635                    /home/moringa/.gradle/wrapper/dists/gradle-6.5-bin/6nifqtx7604sqp1q6g8wikw7p/gradle-6.5/lib/plugins/gradle-language-native-6.5.jar
7f946098d000-7f9460994000 r--s 00035000 08:01 5382696                    /home/moringa/.gradle/wrapper/dists/gradle-6.5-bin/6nifqtx7604sqp1q6g8wikw7p/gradle-6.5/lib/plugins/simple-4.1.21.jar
7f9460994000-7f94609a1000 r--s 00125000 08:01 5382695                    /home/moringa/.gradle/wrapper/dists/gradle-6.5-bin/6nifqtx7604sqp1q6g8wikw7p/gradle-6.5/lib/plugins/rhino-1.7.10.jar
7f94609a1000-7f94609a5000 r--s 00012000 08:01 5382641                    /home/moringa/.gradle/wrapper/dists/gradle-6.5-bin/6nifqtx7604sqp1q6g8wikw7p/gradle-6.5/lib/plugins/gradle-javascript-6.5.jar
7f94609a5000-7f94609a8000 r--s 00011000 08:01 5382639                    /home/moringa/.gradle/wrapper/dists/gradle-6.5-bin/6nifqtx7604sqp1q6g8wikw7p/gradle-6.5/lib/plugins/gradle-jacoco-6.5.jar
7f94609a8000-7f94609aa000 r--s 00002000 08:01 5382628                    /home/moringa/.gradle/wrapper/dists/gradle-6.5-bin/6nifqtx7604sqp1q6g8wikw7p/gradle-6.5/lib/plugins/gradle-ide-play-6.5.jar
7f94609aa000-7f94609ac000 r--s 00011000 08:01 5382694                    /home/moringa/.gradle/wrapper/dists/gradle-6.5-bin/6nifqtx7604sqp1q6g8wikw7p/gradle-6.5/lib/plugins/dd-plist-1.21.jar
7f94609ac000-7f94609b3000 r--s 00035000 08:01 5382627                    /home/moringa/.gradle/wrapper/dists/gradle-6.5-bin/6nifqtx7604sqp1q6g8wikw7p/gradle-6.5/lib/plugins/gradle-ide-native-6.5.jar
7f94609b3000-7f94609be000 r--s 00064000 08:01 5382630                    /home/moringa/.gradle/wrapper/dists/gradle-6.5-bin/6nifqtx7604sqp1q6g8wikw7p/gradle-6.5/lib/plugins/gradle-ide-6.5.jar
7f94609be000-7f94609c0000 r--s 00007000 08:01 5382631                    /home/moringa/.gradle/wrapper/dists/gradle-6.5-bin/6nifqtx7604sqp1q6g8wikw7p/gradle-6.5/lib/plugins/gradle-ear-6.5.jar
7f94609c0000-7f94609c3000 r--s 00019000 08:01 5382626                    /home/moringa/.gradle/wrapper/dists/gradle-6.5-bin/6nifqtx7604sqp1q6g8wikw7p/gradle-6.5/lib/plugins/gradle-code-quality-6.5.jar
7f94609c3000-7f94609c5000 r--s 0000b000 08:01 5382685                    /home/moringa/.gradle/wrapper/dists/gradle-6.5-bin/6nifqtx7604sqp1q6g8wikw7p/gradle-6.5/lib/plugins/maven-plugin-api-3.0.5.jar
7f94609c5000-7f94609cb000 r--s 0003f000 08:01 5382684                    /home/moringa/.gradle/wrapper/dists/gradle-6.5-bin/6nifqtx7604sqp1q6g8wikw7p/gradle-6.5/lib/plugins/maven-compat-3.0.5.jar
7f94609cb000-7f94609d4000 r--s 0003b000 08:01 5382624                    /home/moringa/.gradle/wrapper/dists/gradle-6.5-bin/6nifqtx7604sqp1q6g8wikw7p/gradle-6.5/lib/plugins/gradle-build-init-6.5.jar
7f94609d4000-7f94609d5000 r--s 00003000 08:01 5382623                    /home/moringa/.gradle/wrapper/dists/gradle-6.5-bin/6nifqtx7604sqp1q6g8wikw7p/gradle-6.5/lib/plugins/gradle-build-cache-http-6.5.jar
7f94609d5000-7f94609d7000 r--s 00009000 08:01 5382622                    /home/moringa/.gradle/wrapper/dists/gradle-6.5-bin/6nifqtx7604sqp1q6g8wikw7p/gradle-6.5/lib/plugins/gradle-antlr-6.5.jar
7f94609d7000-7f94609da000 r--s 0001c000 08:01 5382632                    /home/moringa/.gradle/wrapper/dists/gradle-6.5-bin/6nifqtx7604sqp1q6g8wikw7p/gradle-6.5/lib/plugins/gradle-kotlin-dsl-tooling-builders-6.5.jar
7f94609da000-7f94609de000 r--s 00021000 08:01 5382741                    /home/moringa/.gradle/wrapper/dists/gradle-6.5-bin/6nifqtx7604sqp1q6g8wikw7p/gradle-6.5/lib/plugins/xbean-reflect-3.7.jar
7f94609de000-7f94609e0000 r--s 0000c000 08:01 5382739                    /home/moringa/.gradle/wrapper/dists/gradle-6.5-bin/6nifqtx7604sqp1q6g8wikw7p/gradle-6.5/lib/plugins/wagon-provider-api-3.0.0.jar
7f94609e0000-7f94609e1000 r--s 00008000 08:01 5382673                    /home/moringa/.gradle/wrapper/dists/gradle-6.5-bin/6nifqtx7604sqp1q6g8wikw7p/gradle-6.5/lib/plugins/wagon-http-shared-3.0.0.jar
7f94609e1000-7f94609e2000 r--s 00002000 08:01 5382672                    /home/moringa/.gradle/wrapper/dists/gradle-6.5-bin/6nifqtx7604sqp1q6g8wikw7p/gradle-6.5/lib/plugins/wagon-http-3.0.0.jar
7f94609e2000-7f94609e3000 r--s 00002000 08:01 5382699                    /home/moringa/.gradle/wrapper/dists/gradle-6.5-bin/6nifqtx7604sqp1q6g8wikw7p/gradle-6.5/lib/plugins/wagon-file-3.0.0.jar
7f94609e3000-7f94609e6000 r--s 0000c000 08:01 5382698                    /home/moringa/.gradle/wrapper/dists/gradle-6.5-bin/6nifqtx7604sqp1q6g8wikw7p/gradle-6.5/lib/plugins/pmaven-groovy-0.8-20100325.jar
7f94609e6000-7f94609e7000 r--s 00004000 08:01 5382697                    /home/moringa/.gradle/wrapper/dists/gradle-6.5-bin/6nifqtx7604sqp1q6g8wikw7p/gradle-6.5/lib/plugins/pmaven-common-0.8-20100325.jar
7f94609e7000-7f94609ee000 r--s 00032000 08:01 5382683                    /home/moringa/.gradle/wrapper/dists/gradle-6.5-bin/6nifqtx7604sqp1q6g8wikw7p/gradle-6.5/lib/plugins/plexus-container-default-1.7.1.jar
7f94609ee000-7f94609f1000 r--s 0000a000 08:01 5382736                    /home/moringa/.gradle/wrapper/dists/gradle-6.5-bin/6nifqtx7604sqp1q6g8wikw7p/gradle-6.5/lib/plugins/plexus-classworlds-2.5.1.jar
7f94609f1000-7f94609f3000 r--s 00006000 08:01 5382700                    /home/moringa/.gradle/wrapper/dists/gradle-6.5-bin/6nifqtx7604sqp1q6g8wikw7p/gradle-6.5/lib/plugins/aether-connector-wagon-1.13.1.jar
7f94609f3000-7f94609fa000 r--s 00030000 08:01 5382643                    /home/moringa/.gradle/wrapper/dists/gradle-6.5-bin/6nifqtx7604sqp1q6g8wikw7p/gradle-6.5/lib/plugins/gradle-maven-6.5.jar
7f94609fa000-7f94609fc000 r--s 0000b000 08:01 5382659                    /home/moringa/.gradle/wrapper/dists/gradle-6.5-bin/6nifqtx7604sqp1q6g8wikw7p/gradle-6.5/lib/plugins/gradle-publish-6.5.jar
7f94609fc000-7f9460a05000 r--s 00089000 08:01 5382701                    /home/moringa/.gradle/wrapper/dists/gradle-6.5-bin/6nifqtx7604sqp1q6g8wikw7p/gradle-6.5/lib/plugins/testng-6.3.1.jar
7f9460a05000-7f9460a0b000 r--s 0003d000 08:01 5382702                    /home/moringa/.gradle/wrapper/dists/gradle-6.5-bin/6nifqtx7604sqp1q6g8wikw7p/gradle-6.5/lib/plugins/snakeyaml-1.17.jar
7f9460a0b000-7f9460a15000 r--s 00054000 08:01 5382713                    /home/moringa/.gradle/wrapper/dists/gradle-6.5-bin/6nifqtx7604sqp1q6g8wikw7p/gradle-6.5/lib/plugins/junit-4.13.jar
7f9460a15000-7f9460a17000 r--s 0000f000 08:01 5382726                    /home/moringa/.gradle/wrapper/dists/gradle-6.5-bin/6nifqtx7604sqp1q6g8wikw7p/gradle-6.5/lib/plugins/jcommander-1.72.jar
7f9460a17000-7f9460a19000 r--s 00009000 08:01 5382724                    /home/moringa/.gradle/wrapper/dists/gradle-6.5-bin/6nifqtx7604sqp1q6g8wikw7p/gradle-6.5/lib/plugins/hamcrest-core-1.3.jar
7f9460a19000-7f9460a1e000 r--s 0005a000 08:01 5382717                    /home/moringa/.gradle/wrapper/dists/gradle-6.5-bin/6nifqtx7604sqp1q6g8wikw7p/gradle-6.5/lib/plugins/bsh-2.0b6.jar
7f9460a1e000-7f9460a22000 r--s 0001d000 08:01 5382650                    /home/moringa/.gradle/wrapper/dists/gradle-6.5-bin/6nifqtx7604sqp1q6g8wikw7p/gradle-6.5/lib/plugins/gradle-testing-jvm-6.5.jar
7f9460a22000-7f9460a2a000 r--s 00035000 08:01 5382656                    /home/moringa/.gradle/wrapper/dists/gradle-6.5-bin/6nifqtx7604sqp1q6g8wikw7p/gradle-6.5/lib/plugins/gradle-testing-base-6.5.jar
7f9460a2a000-7f9460a2e000 r--s 0001d000 08:01 5382653                    /home/moringa/.gradle/wrapper/dists/gradle-6.5-bin/6nifqtx7604sqp1q6g8wikw7p/gradle-6.5/lib/plugins/gradle-platform-jvm-6.5.jar
7f9460a2e000-7f9460a30000 r--s 00006000 08:01 5382652                    /home/moringa/.gradle/wrapper/dists/gradle-6.5-bin/6nifqtx7604sqp1q6g8wikw7p/gradle-6.5/lib/plugins/gradle-language-jvm-6.5.jar
7f9460a30000-7f9460a31000 r--s 00001000 08:01 5382565                    /home/moringa/.gradle/wrapper/dists/gradle-6.5-bin/6nifqtx7604sqp1q6g8wikw7p/gradle-6.5/lib/gradle-java-compiler-plugin-6.5.jar
7f9460a31000-7f9460a3a000 r--s 00047000 08:01 5382651                    /home/moringa/.gradle/wrapper/dists/gradle-6.5-bin/6nifqtx7604sqp1q6g8wikw7p/gradle-6.5/lib/plugins/gradle-language-java-6.5.jar
7f9460a3a000-7f9460a3c000 r--s 0000f000 08:01 5382646                    /home/moringa/.gradle/wrapper/dists/gradle-6.5-bin/6nifqtx7604sqp1q6g8wikw7p/gradle-6.5/lib/plugins/gradle-language-groovy-6.5.jar
7f9460a3c000-7f9460a3f000 r--s 0000f000 08:01 5382663                    /home/moringa/.gradle/wrapper/dists/gradle-6.5-bin/6nifqtx7604sqp1q6g8wikw7p/gradle-6.5/lib/plugins/gradle-reporting-6.5.jar
7f9460a3f000-7f9460a46000 r--s 00029000 08:01 5382657                    /home/moringa/.gradle/wrapper/dists/gradle-6.5-bin/6nifqtx7604sqp1q6g8wikw7p/gradle-6.5/lib/plugins/gradle-platform-base-6.5.jar
7f9460a46000-7f9460a48000 r--s 00006000 08:01 5382693                    /home/moringa/.gradle/wrapper/dists/gradle-6.5-bin/6nifqtx7604sqp1q6g8wikw7p/gradle-6.5/lib/plugins/jatl-0.2.3.jar
7f9460a48000-7f9460a4e000 r--s 0003a000 08:01 5382655                    /home/moringa/.gradle/wrapper/dists/gradle-6.5-bin/6nifqtx7604sqp1q6g8wikw7p/gradle-6.5/lib/plugins/gradle-diagnostics-6.5.jar
7f9460a4e000-7f9460a54000 r--s 00042000 08:01 5382645                    /home/moringa/.gradle/wrapper/dists/gradle-6.5-bin/6nifqtx7604sqp1q6g8wikw7p/gradle-6.5/lib/plugins/gradle-plugins-6.5.jar
7f9460a54000-7f9460a57000 r--s 00015000 08:01 5382638                    /home/moringa/.gradle/wrapper/dists/gradle-6.5-bin/6nifqtx7604sqp1q6g8wikw7p/gradle-6.5/lib/plugins/gradle-ivy-6.5.jar
7f9460a57000-7f9460a5a000 r--s 00012000 08:01 5382637                    /home/moringa/.gradle/wrapper/dists/gradle-6.5-bin/6nifqtx7604sqp1q6g8wikw7p/gradle-6.5/lib/plugins/gradle-plugin-development-6.5.jar
7f9460a5a000-7f9460a5e000 r--s 00024000 08:01 5382636                    /home/moringa/.gradle/wrapper/dists/gradle-6.5-bin/6nifqtx7604sqp1q6g8wikw7p/gradle-6.5/lib/plugins/gradle-kotlin-dsl-provider-plugins-6.5.jar
7f9460a5e000-7f9460a62000 r--s 0003c000 08:01 5382740                    /home/moringa/.gradle/wrapper/dists/gradle-6.5-bin/6nifqtx7604sqp1q6g8wikw7p/gradle-6.5/lib/plugins/plexus-utils-3.1.0.jar
7f9460a62000-7f9460a63000 r--s 00006000 08:01 5382734                    /home/moringa/.gradle/wrapper/dists/gradle-6.5-bin/6nifqtx7604sqp1q6g8wikw7p/gradle-6.5/lib/plugins/plexus-sec-dispatcher-1.3.jar
7f9460a63000-7f9460a65000 r--s 0000d000 08:01 5382738                    /home/moringa/.gradle/wrapper/dists/gradle-6.5-bin/6nifqtx7604sqp1q6g8wikw7p/gradle-6.5/lib/plugins/plexus-interpolation-1.14.jar
7f9460a65000-7f9460a67000 r--s 00000000 08:01 5382737                    /home/moringa/.gradle/wrapper/dists/gradle-6.5-bin/6nifqtx7604sqp1q6g8wikw7p/gradle-6.5/lib/plugins/plexus-component-annotations-1.5.5.jar
7f9460a67000-7f9460a69000 r--s 00002000 08:01 5382735                    /home/moringa/.gradle/wrapper/dists/gradle-6.5-bin/6nifqtx7604sqp1q6g8wikw7p/gradle-6.5/lib/plugins/plexus-cipher-1.7.jar
7f9460a69000-7f9460a6c000 r--s 00008000 08:01 5382732                    /home/moringa/.gradle/wrapper/dists/gradle-6.5-bin/6nifqtx7604sqp1q6g8wikw7p/gradle-6.5/lib/plugins/maven-settings-builder-3.0.5.jar
7f9460a6c000-7f9460a6e000 r--s 0000a000 08:01 5382733                    /home/moringa/.gradle/wrapper/dists/gradle-6.5-bin/6nifqtx7604sqp1q6g8wikw7p/gradle-6.5/lib/plugins/maven-settings-3.0.5.jar
7f9460a6e000-7f9460a70000 r--s 00006000 08:01 5382731                    /home/moringa/.gradle/wrapper/dists/gradle-6.5-bin/6nifqtx7604sqp1q6g8wikw7p/gradle-6.5/lib/plugins/maven-repository-metadata-3.0.5.jar
7f9460a70000-7f9460a74000 r--s 00021000 08:01 5382729                    /home/moringa/.gradle/wrapper/dists/gradle-6.5-bin/6nifqtx7604sqp1q6g8wikw7p/gradle-6.5/lib/plugins/maven-model-builder-3.0.5.jar
7f9460a74000-7f9460a76000 r--s 00026000 08:01 5382730                    /home/moringa/.gradle/wrapper/dists/gradle-6.5-bin/6nifqtx7604sqp1q6g8wikw7p/gradle-6.5/lib/plugins/maven-model-3.0.5.jar
7f9460a76000-7f9460a82000 r--s 0007d000 08:01 5382689                    /home/moringa/.gradle/wrapper/dists/gradle-6.5-bin/6nifqtx7604sqp1q6g8wikw7p/gradle-6.5/lib/plugins/maven-core-3.0.5.jar
7f9460a82000-7f9460a84000 r--s 0000b000 08:01 5382728                    /home/moringa/.gradle/wrapper/dists/gradle-6.5-bin/6nifqtx7604sqp1q6g8wikw7p/gradle-6.5/lib/plugins/maven-artifact-3.0.5.jar
7f9460a84000-7f9460a86000 r--s 0000c000 08:01 5382719                    /home/moringa/.gradle/wrapper/dists/gradle-6.5-bin/6nifqtx7604sqp1q6g8wikw7p/gradle-6.5/lib/plugins/maven-aether-provider-3.0.5.jar
7f9460a86000-7f9460a9b000 r--s 00116000 08:01 5382688                    /home/moringa/.gradle/wrapper/dists/gradle-6.5-bin/6nifqtx7604sqp1q6g8wikw7p/gradle-6.5/lib/plugins/ivy-2.3.0.jar
7f9460a9b000-7f9460aa0000 r--s 00036000 08:01 5382687                    /home/moringa/.gradle/wrapper/dists/gradle-6.5-bin/6nifqtx7604sqp1q6g8wikw7p/gradle-6.5/lib/plugins/gson-2.8.5.jar
7f9460aa0000-7f9460aa1000 r--s 00014000 08:01 5382686                    /home/moringa/.gradle/wrapper/dists/gradle-6.5-bin/6nifqtx7604sqp1q6g8wikw7p/gradle-6.5/lib/plugins/asm-util-7.3.1.jar
7f9460aa1000-7f9460aa5000 r--s 0001c000 08:01 5382721                    /home/moringa/.gradle/wrapper/dists/gradle-6.5-bin/6nifqtx7604sqp1q6g8wikw7p/gradle-6.5/lib/plugins/aether-util-1.13.1.jar
7f9460aa5000-7f9460aa6000 r--s 00003000 08:01 5382722                    /home/moringa/.gradle/wrapper/dists/gradle-6.5-bin/6nifqtx7604sqp1q6g8wikw7p/gradle-6.5/lib/plugins/aether-spi-1.13.1.jar
7f9460aa6000-7f9460aa9000 r--s 0001d000 08:01 5382720                    /home/moringa/.gradle/wrapper/dists/gradle-6.5-bin/6nifqtx7604sqp1q6g8wikw7p/gradle-6.5/lib/plugins/aether-impl-1.13.1.jar
7f9460aa9000-7f9460aac000 r--s 00013000 08:01 5382723                    /home/moringa/.gradle/wrapper/dists/gradle-6.5-bin/6nifqtx7604sqp1q6g8wikw7p/gradle-6.5/lib/plugins/aether-api-1.13.1.jar
7f9460aac000-7f9460ae6000 r--s 00231000 08:01 5382661                    /home/moringa/.gradle/wrapper/dists/gradle-6.5-bin/6nifqtx7604sqp1q6g8wikw7p/gradle-6.5/lib/plugins/gradle-dependency-management-6.5.jar
7f9460ae6000-7f9460ae7000 r--s 00000000 08:01 5382567                    /home/moringa/.gradle/wrapper/dists/gradle-6.5-bin/6nifqtx7604sqp1q6g8wikw7p/gradle-6.5/lib/gradle-runtime-api-info-6.5.jar
7f9460ae7000-7f9460aea000 r--s 0000d000 08:01 5382662                    /home/moringa/.gradle/wrapper/dists/gradle-6.5-bin/6nifqtx7604sqp1q6g8wikw7p/gradle-6.5/lib/plugins/gradle-composite-builds-6.5.jar
7f9460aea000-7f9460b0f000 r--s 00281000 08:01 5382671                    /home/moringa/.gradle/wrapper/dists/gradle-6.5-bin/6nifqtx7604sqp1q6g8wikw7p/gradle-6.5/lib/plugins/org.eclipse.jgit-5.5.0.201909110433-r.jar
7f9460b0f000-7f9460b11000 r--s 00010000 08:01 5382727                    /home/moringa/.gradle/wrapper/dists/gradle-6.5-bin/6nifqtx7604sqp1q6g8wikw7p/gradle-6.5/lib/plugins/jzlib-1.1.3.jar
7f9460b11000-7f9460b15000 r--s 00041000 08:01 5382712                    /home/moringa/.gradle/wrapper/dists/gradle-6.5-bin/6nifqtx7604sqp1q6g8wikw7p/gradle-6.5/lib/plugins/jsch-0.1.55.jar
7f9460b15000-7f9460b29000 r--s 000c0000 08:01 5382691                    /home/moringa/.gradle/wrapper/dists/gradle-6.5-bin/6nifqtx7604sqp1q6g8wikw7p/gradle-6.5/lib/plugins/bcpkix-jdk15on-1.61.jar
7f9460b29000-7f9460b2c000 r--s 0000c000 08:01 5382660                    /home/moringa/.gradle/wrapper/dists/gradle-6.5-bin/6nifqtx7604sqp1q6g8wikw7p/gradle-6.5/lib/plugins/gradle-version-control-6.5.jar
7f9460b2c000-7f9460b2d000 r--s 00000000 08:01 5382564                    /home/moringa/.gradle/wrapper/dists/gradle-6.5-bin/6nifqtx7604sqp1q6g8wikw7p/gradle-6.5/lib/gradle-installation-beacon-6.5.jar
7f9460b2d000-7f9460b8e000 r--s 0042c000 08:01 5382692                    /home/moringa/.gradle/wrapper/dists/gradle-6.5-bin/6nifqtx7604sqp1q6g8wikw7p/gradle-6.5/lib/plugins/bcprov-jdk15on-1.64.jar
7f9460b8e000-7f9460b96000 r--s 00049000 08:01 5382690                    /home/moringa/.gradle/wrapper/dists/gradle-6.5-bin/6nifqtx7604sqp1q6g8wikw7p/gradle-6.5/lib/plugins/bcpg-jdk15on-1.64.jar
7f9460b96000-7f9460b98000 r--s 00009000 08:01 5382666                    /home/moringa/.gradle/wrapper/dists/gradle-6.5-bin/6nifqtx7604sqp1q6g8wikw7p/gradle-6.5/lib/plugins/gradle-security-6.5.jar
7f9460b98000-7f9460bb1000 r--s 0013a000 08:01 5382710                    /home/moringa/.gradle/wrapper/dists/gradle-6.5-bin/6nifqtx7604sqp1q6g8wikw7p/gradle-6.5/lib/plugins/xercesImpl-2.12.0.jar
7f9460bb1000-7f9460bb3000 r--s 0001d000 08:01 5382709                    /home/moringa/.gradle/wrapper/dists/gradle-6.5-bin/6nifqtx7604sqp1q6g8wikw7p/gradle-6.5/lib/plugins/nekohtml-1.9.22.jar
7f9460bb3000-7f9460bb9000 r--s 0005b000 08:01 5382708                    /home/moringa/.gradle/wrapper/dists/gradle-6.5-bin/6nifqtx7604sqp1q6g8wikw7p/gradle-6.5/lib/plugins/jcifs-1.3.17.jar
7f9460bb9000-7f9460bc1000 r--s 00049000 08:01 5382725                    /home/moringa/.gradle/wrapper/dists/gradle-6.5-bin/6nifqtx7604sqp1q6g8wikw7p/gradle-6.5/lib/plugins/httpcore-4.4.12.jar
7f9460bc1000-7f9460bce000 r--s 000b1000 08:01 5382682                    /home/moringa/.gradle/wrapper/dists/gradle-6.5-bin/6nifqtx7604sqp1q6g8wikw7p/gradle-6.5/lib/plugins/httpclient-4.5.10.jar
7f9460bce000-7f9460bd5000 r--s 0004e000 08:01 5382718                    /home/moringa/.gradle/wrapper/dists/gradle-6.5-bin/6nifqtx7604sqp1q6g8wikw7p/gradle-6.5/lib/plugins/commons-codec-1.13.jar
7f9460bd5000-7f9460bd7000 r--s 0000f000 08:01 5382667                    /home/moringa/.gradle/wrapper/dists/gradle-6.5-bin/6nifqtx7604sqp1q6g8wikw7p/gradle-6.5/lib/plugins/gradle-resources-http-6.5.jar
7f9460bd7000-7f9460bda000 r--s 0000b000 08:01 5382658                    /home/moringa/.gradle/wrapper/dists/gradle-6.5-bin/6nifqtx7604sqp1q6g8wikw7p/gradle-6.5/lib/plugins/gradle-plugin-use-6.5.jar
7f9460bda000-7f9460bde000 r--s 0001d000 08:01 5382670                    /home/moringa/.gradle/wrapper/dists/gradle-6.5-bin/6nifqtx7604sqp1q6g8wikw7p/gradle-6.5/lib/plugins/gradle-workers-6.5.jar
7f9460bde000-7f9460be3000 r-xp 00000000 08:01 5382749                    /home/moringa/.gradle/native/f6784746aeab05261644944871eae4fe03e0ef1612fff0a4a95f87b438bc6780/linux-amd64/libnative-platform.so
7f9460be3000-7f9460de3000 ---p 00005000 08:01 5382749                    /home/moringa/.gradle/native/f6784746aeab05261644944871eae4fe03e0ef1612fff0a4a95f87b438bc6780/linux-amd64/libnative-platform.so
7f9460de3000-7f9460de4000 r--p 00005000 08:01 5382749                    /home/moringa/.gradle/native/f6784746aeab05261644944871eae4fe03e0ef1612fff0a4a95f87b438bc6780/linux-amd64/libnative-platform.so
7f9460de4000-7f9460de5000 rw-p 00006000 08:01 5382749                    /home/moringa/.gradle/native/f6784746aeab05261644944871eae4fe03e0ef1612fff0a4a95f87b438bc6780/linux-amd64/libnative-platform.so
7f9460de5000-7f9460de8000 r--s 00008000 08:01 5382531                    /home/moringa/.gradle/wrapper/dists/gradle-6.5-bin/6nifqtx7604sqp1q6g8wikw7p/gradle-6.5/lib/gradle-build-events-6.5.jar
7f9460de8000-7f9460df3000 r--s 00081000 08:01 5382592                    /home/moringa/.gradle/wrapper/dists/gradle-6.5-bin/6nifqtx7604sqp1q6g8wikw7p/gradle-6.5/lib/trove4j-1.0.20181211.jar
7f9460df3000-7f9460df5000 r--s 00009000 08:01 5382590                    /home/moringa/.gradle/wrapper/dists/gradle-6.5-bin/6nifqtx7604sqp1q6g8wikw7p/gradle-6.5/lib/kotlin-script-runtime-1.3.72.jar
7f9460df5000-7f9460e2f000 r--s 00284000 08:01 5382586                    /home/moringa/.gradle/wrapper/dists/gradle-6.5-bin/6nifqtx7604sqp1q6g8wikw7p/gradle-6.5/lib/kotlin-reflect-1.3.72.jar
7f9460e2f000-7f9460e46000 r--s 00108000 08:01 5382591                    /home/moringa/.gradle/wrapper/dists/gradle-6.5-bin/6nifqtx7604sqp1q6g8wikw7p/gradle-6.5/lib/kotlin-daemon-embeddable-1.3.72.jar
7f9460e46000-7f94610a1000 r--s 023fe000 08:01 5382566                    /home/moringa/.gradle/wrapper/dists/gradle-6.5-bin/6nifqtx7604sqp1q6g8wikw7p/gradle-6.5/lib/kotlin-compiler-embeddable-1.3.72-patched-for-gradle-6.5.jar
7f94610a1000-7f94610a2000 r--s 00007000 08:01 5382561                    /home/moringa/.gradle/wrapper/dists/gradle-6.5-bin/6nifqtx7604sqp1q6g8wikw7p/gradle-6.5/lib/gradle-wrapper-6.5.jar
7f94610a2000-7f94610b2000 r--s 00050000 08:01 5382533                    /home/moringa/.gradle/wrapper/dists/gradle-6.5-bin/6nifqtx7604sqp1q6g8wikw7p/gradle-6.5/lib/gradle-tooling-api-6.5.jar
7f94610b2000-7f94610b3000 r--s 00000000 08:01 5382558                    /home/moringa/.gradle/wrapper/dists/gradle-6.5-bin/6nifqtx7604sqp1q6g8wikw7p/gradle-6.5/lib/gradle-kotlin-dsl-tooling-models-6.5.jar
7f94610b3000-7f94610c3000 r--s 0026b000 08:01 5382599                    /home/moringa/.gradle/wrapper/dists/gradle-6.5-bin/6nifqtx7604sqp1q6g8wikw7p/gradle-6.5/lib/kotlinx-metadata-jvm-0.1.0.jar
7f94610c3000-7f94610c4000 r--s 00003000 08:01 5382587                    /home/moringa/.gradle/wrapper/dists/gradle-6.5-bin/6nifqtx7604sqp1q6g8wikw7p/gradle-6.5/lib/kotlin-stdlib-jdk8-1.3.72.jar
7f94610c4000-7f94610c5000 r--s 00000000 08:01 5382588                    /home/moringa/.gradle/wrapper/dists/gradle-6.5-bin/6nifqtx7604sqp1q6g8wikw7p/gradle-6.5/lib/kotlin-stdlib-jdk7-1.3.72.jar
7f94610c5000-7f94610c8000 r--s 00019000 08:01 5382595                    /home/moringa/.gradle/wrapper/dists/gradle-6.5-bin/6nifqtx7604sqp1q6g8wikw7p/gradle-6.5/lib/kotlin-scripting-jvm-host-embeddable-1.3.72.jar
7f94610c8000-7f94610cc000 r--s 00027000 08:01 5382594                    /home/moringa/.gradle/wrapper/dists/gradle-6.5-bin/6nifqtx7604sqp1q6g8wikw7p/gradle-6.5/lib/kotlin-scripting-jvm-1.3.72.jar
7f94610cc000-7f94610d2000 r--s 00045000 08:01 5382597                    /home/moringa/.gradle/wrapper/dists/gradle-6.5-bin/6nifqtx7604sqp1q6g8wikw7p/gradle-6.5/lib/kotlin-scripting-compiler-impl-embeddable-1.3.72.jar
7f94610d2000-7f94610da000 r--s 0004b000 08:01 5382596                    /home/moringa/.gradle/wrapper/dists/gradle-6.5-bin/6nifqtx7604sqp1q6g8wikw7p/gradle-6.5/lib/kotlin-scripting-compiler-embeddable-1.3.72.jar
7f94610da000-7f94610df000 r--s 00026000 08:01 5382593                    /home/moringa/.gradle/wrapper/dists/gradle-6.5-bin/6nifqtx7604sqp1q6g8wikw7p/gradle-6.5/lib/kotlin-scripting-common-1.3.72.jar
7f94610df000-7f94610e0000 r--s 00002000 08:01 5382598                    /home/moringa/.gradle/wrapper/dists/gradle-6.5-bin/6nifqtx7604sqp1q6g8wikw7p/gradle-6.5/lib/kotlin-sam-with-receiver-compiler-plugin-1.3.72.jar
7f94610e0000-7f94610f9000 r--s 0013f000 08:01 5382532                    /home/moringa/.gradle/wrapper/dists/gradle-6.5-bin/6nifqtx7604sqp1q6g8wikw7p/gradle-6.5/lib/gradle-kotlin-dsl-6.5.jar
7f94610f9000-7f94610fb000 r--s 00005000 08:01 5382544                    /home/moringa/.gradle/wrapper/dists/gradle-6.5-bin/6nifqtx7604sqp1q6g8wikw7p/gradle-6.5/lib/gradle-worker-processes-6.5.jar
7f94610fb000-7f94610fd000 r--s 00005000 08:01 5382559                    /home/moringa/.gradle/wrapper/dists/gradle-6.5-bin/6nifqtx7604sqp1q6g8wikw7p/gradle-6.5/lib/gradle-normalization-java-6.5.jar
7f94610fd000-7f94610ff000 r--s 00007000 08:01 5382538                    /home/moringa/.gradle/wrapper/dists/gradle-6.5-bin/6nifqtx7604sqp1q6g8wikw7p/gradle-6.5/lib/gradle-model-groovy-6.5.jar
7f94610ff000-7f9461101000 r--s 00000000 08:01 5382542                    /home/moringa/.gradle/wrapper/dists/gradle-6.5-bin/6nifqtx7604sqp1q6g8wikw7p/gradle-6.5/lib/gradle-jvm-services-6.5.jar
7f9461101000-7f9461103000 r--s 0000a000 08:01 5382554                    /home/moringa/.gradle/wrapper/dists/gradle-6.5-bin/6nifqtx7604sqp1q6g8wikw7p/gradle-6.5/lib/gradle-file-watching-6.5.jar
7f9461103000-7f9461108000 r--s 00023000 08:01 5382537                    /home/moringa/.gradle/wrapper/dists/gradle-6.5-bin/6nifqtx7604sqp1q6g8wikw7p/gradle-6.5/lib/gradle-file-collections-6.5.jar
7f9461108000-7f9461110000 r--s 00024000 08:01 5382608                    /home/moringa/.gradle/wrapper/dists/gradle-6.5-bin/6nifqtx7604sqp1q6g8wikw7p/gradle-6.5/lib/kotlin-stdlib-common-1.3.72.jar
7f9461110000-7f9461124000 r--s 0013d000 08:01 5382589                    /home/moringa/.gradle/wrapper/dists/gradle-6.5-bin/6nifqtx7604sqp1q6g8wikw7p/gradle-6.5/lib/kotlin-stdlib-1.3.72.jar
7f9461124000-7f9461126000 r--s 00003000 08:01 5382604                    /home/moringa/.gradle/wrapper/dists/gradle-6.5-bin/6nifqtx7604sqp1q6g8wikw7p/gradle-6.5/lib/annotations-13.0.jar
7f9461126000-7f946113f000 r--s 000eb000 08:01 5382539                    /home/moringa/.gradle/wrapper/dists/gradle-6.5-bin/6nifqtx7604sqp1q6g8wikw7p/gradle-6.5/lib/gradle-model-core-6.5.jar
7f946113f000-7f9461146000 r--s 0002d000 08:01 5382535                    /home/moringa/.gradle/wrapper/dists/gradle-6.5-bin/6nifqtx7604sqp1q6g8wikw7p/gradle-6.5/lib/gradle-execution-6.5.jar
7f9461146000-7f9461147000 r--s 00005000 08:01 5382563                    /home/moringa/.gradle/wrapper/dists/gradle-6.5-bin/6nifqtx7604sqp1q6g8wikw7p/gradle-6.5/lib/gradle-docs-6.5.jar
7f9461147000-7f9461149000 r--s 00004000 08:01 5382551                    /home/moringa/.gradle/wrapper/dists/gradle-6.5-bin/6nifqtx7604sqp1q6g8wikw7p/gradle-6.5/lib/gradle-build-cache-packaging-6.5.jar
7f9461149000-7f946114d000 r--s 0001c000 08:01 5382555                    /home/moringa/.gradle/wrapper/dists/gradle-6.5-bin/6nifqtx7604sqp1q6g8wikw7p/gradle-6.5/lib/gradle-snapshots-6.5.jar
7f946114d000-7f946114f000 r--s 00006000 08:01 5382546                    /home/moringa/.gradle/wrapper/dists/gradle-6.5-bin/6nifqtx7604sqp1q6g8wikw7p/gradle-6.5/lib/gradle-process-services-6.5.jar
7f946114f000-7f9461153000 r--s 00016000 08:01 5382547                    /home/moringa/.gradle/wrapper/dists/gradle-6.5-bin/6nifqtx7604sqp1q6g8wikw7p/gradle-6.5/lib/gradle-resources-6.5.jar
7f9461153000-7f946115b000 r--s 00036000 08:01 5382543                    /home/moringa/.gradle/wrapper/dists/gradle-6.5-bin/6nifqtx7604sqp1q6g8wikw7p/gradle-6.5/lib/gradle-persistent-cache-6.5.jar
7f946115b000-7f946115e000 r--s 0000d000 08:01 5382549                    /home/moringa/.gradle/wrapper/dists/gradle-6.5-bin/6nifqtx7604sqp1q6g8wikw7p/gradle-6.5/lib/gradle-native-6.5.jar
7f946115e000-7f9461160000 r--s 0000c000 08:01 5382603                    /home/moringa/.gradle/wrapper/dists/gradle-6.5-bin/6nifqtx7604sqp1q6g8wikw7p/gradle-6.5/lib/objenesis-2.6.jar
7f9461160000-7f9461162000 r--s 00000000 08:01 5382606                    /home/moringa/.gradle/wrapper/dists/gradle-6.5-bin/6nifqtx7604sqp1q6g8wikw7p/gradle-6.5/lib/minlog-1.2.jar
7f9461162000-7f9461168000 r--s 0004d000 08:01 5382602                    /home/moringa/.gradle/wrapper/dists/gradle-6.5-bin/6nifqtx7604sqp1q6g8wikw7p/gradle-6.5/lib/kryo-2.24.0.jar
7f9461168000-7f946116e000 r--s 0006d000 08:01 5382601                    /home/moringa/.gradle/wrapper/dists/gradle-6.5-bin/6nifqtx7604sqp1q6g8wikw7p/gradle-6.5/lib/fastutil-8.3.0-min.jar
7f946116e000-7f9461175000 r--s 00031000 08:01 5382548                    /home/moringa/.gradle/wrapper/dists/gradle-6.5-bin/6nifqtx7604sqp1q6g8wikw7p/gradle-6.5/lib/gradle-messaging-6.5.jar
7f9461175000-7f9461177000 r--s 00005000 08:01 5382562                    /home/moringa/.gradle/wrapper/dists/gradle-6.5-bin/6nifqtx7604sqp1q6g8wikw7p/gradle-6.5/lib/gradle-cli-6.5.jar
7f9461177000-7f9461178000 r--s 00004000 08:01 5382553                    /home/moringa/.gradle/wrapper/dists/gradle-6.5-bin/6nifqtx7604sqp1q6g8wikw7p/gradle-6.5/lib/gradle-build-option-6.5.jar
7f9461178000-7f946117a000 r--s 00004000 08:01 5382571                    /home/moringa/.gradle/wrapper/dists/gradle-6.5-bin/6nifqtx7604sqp1q6g8wikw7p/gradle-6.5/lib/log4j-over-slf4j-1.7.28.jar
7f946117a000-7f946117c000 r--s 00000000 08:01 5382570                    /home/moringa/.gradle/wrapper/dists/gradle-6.5-bin/6nifqtx7604sqp1q6g8wikw7p/gradle-6.5/lib/jul-to-slf4j-1.7.28.jar
7f946117c000-7f946117e000 r--s 00003000 08:01 5382569                    /home/moringa/.gradle/wrapper/dists/gradle-6.5-bin/6nifqtx7604sqp1q6g8wikw7p/gradle-6.5/lib/jcl-over-slf4j-1.7.28.jar
7f946117e000-7f9461182000 r--s 00043000 08:01 5382600                    /home/moringa/.gradle/wrapper/dists/gradle-6.5-bin/6nifqtx7604sqp1q6g8wikw7p/gradle-6.5/lib/jansi-1.18.jar
7f9461182000-7f946118b000 r--s 0003c000 08:01 5382545                    /home/moringa/.gradle/wrapper/dists/gradle-6.5-bin/6nifqtx7604sqp1q6g8wikw7p/gradle-6.5/lib/gradle-logging-6.5.jar
7f946118b000-7f946118d000 r--s 00009000 08:01 5382556                    /home/moringa/.gradle/wrapper/dists/gradle-6.5-bin/6nifqtx7604sqp1q6g8wikw7p/gradle-6.5/lib/gradle-files-6.5.jar
7f946118d000-7f946118f000 r--s 00001000 08:01 5382552                    /home/moringa/.gradle/wrapper/dists/gradle-6.5-bin/6nifqtx7604sqp1q6g8wikw7p/gradle-6.5/lib/gradle-build-cache-base-6.5.jar
7f946118f000-7f9461193000 r--s 0000c000 08:01 5382536                    /home/moringa/.gradle/wrapper/dists/gradle-6.5-bin/6nifqtx7604sqp1q6g8wikw7p/gradle-6.5/lib/gradle-build-cache-6.5.jar
7f9461193000-7f9461194000 r--s 00006000 08:01 5382541                    /home/moringa/.gradle/wrapper/dists/gradle-6.5-bin/6nifqtx7604sqp1q6g8wikw7p/gradle-6.5/lib/gradle-base-services-groovy-6.5.jar
7f9461194000-7f946119d000 r--s 0002d000 08:01 5382585                    /home/moringa/.gradle/wrapper/dists/gradle-6.5-bin/6nifqtx7604sqp1q6g8wikw7p/gradle-6.5/lib/xml-apis-1.4.01.jar
7f946119d000-7f946119e000 r--s 00078000 08:01 5382616                    /home/moringa/.gradle/wrapper/dists/gradle-6.5-bin/6nifqtx7604sqp1q6g8wikw7p/gradle-6.5/lib/native-platform-windows-i386-min-0.22-milestone-3.jar
7f946119e000-7f946119f000 r--s 00078000 08:01 5382615                    /home/moringa/.gradle/wrapper/dists/gradle-6.5-bin/6nifqtx7604sqp1q6g8wikw7p/gradle-6.5/lib/native-platform-windows-i386-0.22-milestone-3.jar
7f946119f000-7f94611a1000 r--s 00092000 08:01 5382614                    /home/moringa/.gradle/wrapper/dists/gradle-6.5-bin/6nifqtx7604sqp1q6g8wikw7p/gradle-6.5/lib/native-platform-windows-amd64-min-0.22-milestone-3.jar
7f94611a1000-7f94611a2000 r--s 00093000 08:01 5382613                    /home/moringa/.gradle/wrapper/dists/gradle-6.5-bin/6nifqtx7604sqp1q6g8wikw7p/gradle-6.5/lib/native-platform-windows-amd64-0.22-milestone-3.jar
7f94611a2000-7f94611a3000 r--s 00017000 08:01 5382612                    /home/moringa/.gradle/wrapper/dists/gradle-6.5-bin/6nifqtx7604sqp1q6g8wikw7p/gradle-6.5/lib/native-platform-osx-amd64-0.22-milestone-3.jar
7f94611a3000-7f94611a4000 r--s 00001000 08:01 5382620                    /home/moringa/.gradle/wrapper/dists/gradle-6.5-bin/6nifqtx7604sqp1q6g8wikw7p/gradle-6.5/lib/native-platform-linux-amd64-ncurses6-0.22-milestone-3.jar
7f94611a4000-7f94611a6000 r--s 00001000 08:01 5382619                    /home/moringa/.gradle/wrapper/dists/gradle-6.5-bin/6nifqtx7604sqp1q6g8wikw7p/gradle-6.5/lib/native-platform-linux-amd64-ncurses5-0.22-milestone-3.jar
7f94611a6000-7f94611a7000 r--s 0005b000 08:01 5382611                    /home/moringa/.gradle/wrapper/dists/gradle-6.5-bin/6nifqtx7604sqp1q6g8wikw7p/gradle-6.5/lib/native-platform-linux-amd64-0.22-milestone-3.jar
7f94611a7000-7f94611a8000 r--s 00002000 08:01 5382618                    /home/moringa/.gradle/wrapper/dists/gradle-6.5-bin/6nifqtx7604sqp1q6g8wikw7p/gradle-6.5/lib/native-platform-linux-aarch64-ncurses6-0.22-milestone-3.jar
7f94611a8000-7f94611aa000 r--s 00001000 08:01 5382617                    /home/moringa/.gradle/wrapper/dists/gradle-6.5-bin/6nifqtx7604sqp1q6g8wikw7p/gradle-6.5/lib/native-platform-linux-aarch64-ncurses5-0.22-milestone-3.jar
7f94611aa000-7f94611ac000 r--s 00059000 08:01 5382610                    /home/moringa/.gradle/wrapper/dists/gradle-6.5-bin/6nifqtx7604sqp1q6g8wikw7p/gradle-6.5/lib/native-platform-linux-aarch64-0.22-milestone-3.jar
7f94611ac000-7f94611ad000 r--s 00004000 08:01 5382609                    /home/moringa/.gradle/wrapper/dists/gradle-6.5-bin/6nifqtx7604sqp1q6g8wikw7p/gradle-6.5/lib/native-platform-freebsd-amd64-libcpp-0.22-milestone-3.jar
7f94611ad000-7f94611b2000 r--s 0001f000 08:01 5382584                    /home/moringa/.gradle/wrapper/dists/gradle-6.5-bin/6nifqtx7604sqp1q6g8wikw7p/gradle-6.5/lib/native-platform-0.22-milestone-3.jar
7f94611b2000-7f94611be000 r--s 0008b000 08:01 5382582                    /home/moringa/.gradle/wrapper/dists/gradle-6.5-bin/6nifqtx7604sqp1q6g8wikw7p/gradle-6.5/lib/commons-compress-1.19.jar
7f94611be000-7f94611c0000 r--s 0000b000 08:01 5382578                    /home/moringa/.gradle/wrapper/dists/gradle-6.5-bin/6nifqtx7604sqp1q6g8wikw7p/gradle-6.5/lib/asm-tree-7.3.1.jar
7f94611c0000-7f94611c2000 r--s 00010000 08:01 5382576                    /home/moringa/.gradle/wrapper/dists/gradle-6.5-bin/6nifqtx7604sqp1q6g8wikw7p/gradle-6.5/lib/asm-commons-7.3.1.jar
7f94611c2000-7f94611f2000 r--s 0024c000 08:01 5382573                    /home/moringa/.gradle/wrapper/dists/gradle-6.5-bin/6nifqtx7604sqp1q6g8wikw7p/gradle-6.5/lib/guava-27.1-android.jar
7f94611f2000-7f9461272000 r--s 00782000 08:01 5382580                    /home/moringa/.gradle/wrapper/dists/gradle-6.5-bin/6nifqtx7604sqp1q6g8wikw7p/gradle-6.5/lib/groovy-all-1.3-2.5.11.jar
7f9461272000-7f9461292000 r--s 00204000 08:01 5382583                    /home/moringa/.gradle/wrapper/dists/gradle-6.5-bin/6nifqtx7604sqp1q6g8wikw7p/gradle-6.5/lib/ant-1.10.7.jar
7f9461292000-7f94612cf000 r--s 0021d000 08:01 5382534                    /home/moringa/.gradle/wrapper/dists/gradle-6.5-bin/6nifqtx7604sqp1q6g8wikw7p/gradle-6.5/lib/gradle-core-6.5.jar
7f94612cf000-7f94612de000 r--s 00047000 08:01 5382540                    /home/moringa/.gradle/wrapper/dists/gradle-6.5-bin/6nifqtx7604sqp1q6g8wikw7p/gradle-6.5/lib/gradle-core-api-6.5.jar
7f94612de000-7f94612eb000 r--s 00063000 08:01 5382550                    /home/moringa/.gradle/wrapper/dists/gradle-6.5-bin/6nifqtx7604sqp1q6g8wikw7p/gradle-6.5/lib/gradle-base-services-6.5.jar
7f94612eb000-7f9461302000 r-xp 00000000 07:0f 757                        /snap/android-studio/100/android-studio/jre/jre/lib/amd64/libnet.so
7f9461302000-7f9461303000 r--p 00016000 07:0f 757                        /snap/android-studio/100/android-studio/jre/jre/lib/amd64/libnet.so
7f9461303000-7f9461304000 rw-p 00017000 07:0f 757                        /snap/android-studio/100/android-studio/jre/jre/lib/amd64/libnet.so
7f9461304000-7f9461314000 r-xp 00000000 07:0f 758                        /snap/android-studio/100/android-studio/jre/jre/lib/amd64/libnio.so
7f9461314000-7f9461315000 ---p 00010000 07:0f 758                        /snap/android-studio/100/android-studio/jre/jre/lib/amd64/libnio.so
7f9461315000-7f9461316000 r--p 00010000 07:0f 758                        /snap/android-studio/100/android-studio/jre/jre/lib/amd64/libnio.so
7f9461316000-7f9461317000 rw-p 00011000 07:0f 758                        /snap/android-studio/100/android-studio/jre/jre/lib/amd64/libnio.so
7f9461317000-7f9461323000 r--s 00068000 08:01 5382529                    /home/moringa/.gradle/wrapper/dists/gradle-6.5-bin/6nifqtx7604sqp1q6g8wikw7p/gradle-6.5/lib/gradle-launcher-6.5.jar
7f9461323000-7f9461324000 ---p 00000000 00:00 0 
7f9461324000-7f9461424000 rw-p 00000000 00:00 0 
7f9461424000-7f9461427000 ---p 00000000 00:00 0 
7f9461427000-7f9461525000 rw-p 00000000 00:00 0 
7f9461525000-7f9461526000 ---p 00000000 00:00 0 
7f9461526000-7f9461529000 ---p 00000000 00:00 0 
7f9461529000-7f9461626000 rw-p 00000000 00:00 0 
7f9461626000-7f9461627000 ---p 00000000 00:00 0 
7f9461627000-7f946162a000 ---p 00000000 00:00 0 
7f946162a000-7f9461727000 rw-p 00000000 00:00 0 
7f9461727000-7f9461728000 ---p 00000000 00:00 0 
7f9461728000-7f946172b000 ---p 00000000 00:00 0 
7f946172b000-7f9461828000 rw-p 00000000 00:00 0 
7f9461828000-7f946182b000 ---p 00000000 00:00 0 
7f946182b000-7f9461929000 rw-p 00000000 00:00 0 
7f9461929000-7f9461d38000 r--p 00000000 08:01 12322432                   /usr/lib/locale/locale-archive
7f9461d38000-7f9461d3b000 ---p 00000000 00:00 0 
7f9461d3b000-7f9461e39000 rw-p 00000000 00:00 0 
7f9461e39000-7f9461e3c000 ---p 00000000 00:00 0 
7f9461e3c000-7f9461f3a000 rw-p 00000000 00:00 0 
7f9461f3a000-7f9461f3b000 ---p 00000000 00:00 0 
7f9461f3b000-7f946301c000 rw-p 00000000 00:00 0 
7f946301c000-7f94631ef000 r--s 03cdf000 07:0f 849                        /snap/android-studio/100/android-studio/jre/jre/lib/rt.jar
7f94631ef000-7f9463e65000 rw-p 00000000 00:00 0 
7f9463e65000-7f9463e66000 ---p 00000000 00:00 0 
7f9463e66000-7f9463f66000 rw-p 00000000 00:00 0 
7f9463f66000-7f9463f67000 ---p 00000000 00:00 0 
7f9463f67000-7f9464067000 rw-p 00000000 00:00 0 
7f9464067000-7f9464068000 ---p 00000000 00:00 0 
7f9464068000-7f9464190000 rw-p 00000000 00:00 0 
7f9464190000-7f9464413000 ---p 00000000 00:00 0 
7f9464413000-7f946443b000 rw-p 00000000 00:00 0 
7f946443b000-7f94646bd000 ---p 00000000 00:00 0 
7f94646bd000-7f94646ff000 rw-p 00000000 00:00 0 
7f94646ff000-7f9464813000 ---p 00000000 00:00 0 
7f9464813000-7f946482c000 rw-p 00000000 00:00 0 
7f946482c000-7f9464bd4000 ---p 00000000 00:00 0 
7f9464bd4000-7f94651d4000 rwxp 00000000 00:00 0 
7f94651d4000-7f9473bd4000 ---p 00000000 00:00 0 
7f9473bd4000-7f9473bdf000 r-xp 00000000 08:01 6823827                    /lib/x86_64-linux-gnu/libnss_files-2.27.so
7f9473bdf000-7f9473dde000 ---p 0000b000 08:01 6823827                    /lib/x86_64-linux-gnu/libnss_files-2.27.so
7f9473dde000-7f9473ddf000 r--p 0000a000 08:01 6823827                    /lib/x86_64-linux-gnu/libnss_files-2.27.so
7f9473ddf000-7f9473de0000 rw-p 0000b000 08:01 6823827                    /lib/x86_64-linux-gnu/libnss_files-2.27.so
7f9473de0000-7f9473de6000 rw-p 00000000 00:00 0 
7f9473de6000-7f9473dfd000 r-xp 00000000 08:01 6823824                    /lib/x86_64-linux-gnu/libnsl-2.27.so
7f9473dfd000-7f9473ffc000 ---p 00017000 08:01 6823824                    /lib/x86_64-linux-gnu/libnsl-2.27.so
7f9473ffc000-7f9473ffd000 r--p 00016000 08:01 6823824                    /lib/x86_64-linux-gnu/libnsl-2.27.so
7f9473ffd000-7f9473ffe000 rw-p 00017000 08:01 6823824                    /lib/x86_64-linux-gnu/libnsl-2.27.so
7f9473ffe000-7f9474000000 rw-p 00000000 00:00 0 
7f9474000000-7f9475257000 rw-p 00000000 00:00 0 
7f9475257000-7f9478000000 ---p 00000000 00:00 0 
7f9478000000-7f9478002000 r--s 00007000 08:01 5382577                    /home/moringa/.gradle/wrapper/dists/gradle-6.5-bin/6nifqtx7604sqp1q6g8wikw7p/gradle-6.5/lib/asm-analysis-7.3.1.jar
7f9478002000-7f9478004000 r--s 00003000 08:01 5382557                    /home/moringa/.gradle/wrapper/dists/gradle-6.5-bin/6nifqtx7604sqp1q6g8wikw7p/gradle-6.5/lib/gradle-hashing-6.5.jar
7f9478004000-7f9478006000 r--s 00003000 08:01 5382568                    /home/moringa/.gradle/wrapper/dists/gradle-6.5-bin/6nifqtx7604sqp1q6g8wikw7p/gradle-6.5/lib/jsr305-3.0.2.jar
7f9478006000-7f9478008000 r--s 00009000 08:01 5382572                    /home/moringa/.gradle/wrapper/dists/gradle-6.5-bin/6nifqtx7604sqp1q6g8wikw7p/gradle-6.5/lib/slf4j-api-1.7.28.jar
7f9478008000-7f947800a000 r--s 00000000 08:01 5382607                    /home/moringa/.gradle/wrapper/dists/gradle-6.5-bin/6nifqtx7604sqp1q6g8wikw7p/gradle-6.5/lib/failureaccess-1.0.1.jar
7f947800a000-7f9478065000 rw-p 00000000 00:00 0 
7f9478065000-7f9478066000 ---p 00000000 00:00 0 
7f9478066000-7f9478166000 rw-p 00000000 00:00 0 
7f9478166000-7f9478171000 r-xp 00000000 08:01 6823829                    /lib/x86_64-linux-gnu/libnss_nis-2.27.so
7f9478171000-7f9478370000 ---p 0000b000 08:01 6823829                    /lib/x86_64-linux-gnu/libnss_nis-2.27.so
7f9478370000-7f9478371000 r--p 0000a000 08:01 6823829                    /lib/x86_64-linux-gnu/libnss_nis-2.27.so
7f9478371000-7f9478372000 rw-p 0000b000 08:01 6823829                    /lib/x86_64-linux-gnu/libnss_nis-2.27.so
7f9478372000-7f947837a000 r-xp 00000000 08:01 6823825                    /lib/x86_64-linux-gnu/libnss_compat-2.27.so
7f947837a000-7f947857a000 ---p 00008000 08:01 6823825                    /lib/x86_64-linux-gnu/libnss_compat-2.27.so
7f947857a000-7f947857b000 r--p 00008000 08:01 6823825                    /lib/x86_64-linux-gnu/libnss_compat-2.27.so
7f947857b000-7f947857c000 rw-p 00009000 08:01 6823825                    /lib/x86_64-linux-gnu/libnss_compat-2.27.so
7f947857c000-7f9478583000 r-xp 00000000 08:01 6823834                    /lib/x86_64-linux-gnu/librt-2.27.so
7f9478583000-7f9478782000 ---p 00007000 08:01 6823834                    /lib/x86_64-linux-gnu/librt-2.27.so
7f9478782000-7f9478783000 r--p 00006000 08:01 6823834                    /lib/x86_64-linux-gnu/librt-2.27.so
7f9478783000-7f9478784000 rw-p 00007000 08:01 6823834                    /lib/x86_64-linux-gnu/librt-2.27.so
7f9478784000-7f9478921000 r-xp 00000000 08:01 6823821                    /lib/x86_64-linux-gnu/libm-2.27.so
7f9478921000-7f9478b20000 ---p 0019d000 08:01 6823821                    /lib/x86_64-linux-gnu/libm-2.27.so
7f9478b20000-7f9478b21000 r--p 0019c000 08:01 6823821                    /lib/x86_64-linux-gnu/libm-2.27.so
7f9478b21000-7f9478b22000 rw-p 0019d000 08:01 6823821                    /lib/x86_64-linux-gnu/libm-2.27.so
7f9478b22000-7f9479751000 r-xp 00000000 07:0f 770                        /snap/android-studio/100/android-studio/jre/jre/lib/amd64/server/libjvm.so
7f9479751000-7f94797f9000 r--p 00c2e000 07:0f 770                        /snap/android-studio/100/android-studio/jre/jre/lib/amd64/server/libjvm.so
7f94797f9000-7f9479822000 rw-p 00cd6000 07:0f 770                        /snap/android-studio/100/android-studio/jre/jre/lib/amd64/server/libjvm.so
7f9479822000-7f9479866000 rw-p 00000000 00:00 0 
7f9479866000-7f9479a4d000 r-xp 00000000 08:01 6823817                    /lib/x86_64-linux-gnu/libc-2.27.so
7f9479a4d000-7f9479c4d000 ---p 001e7000 08:01 6823817                    /lib/x86_64-linux-gnu/libc-2.27.so
7f9479c4d000-7f9479c51000 r--p 001e7000 08:01 6823817                    /lib/x86_64-linux-gnu/libc-2.27.so
7f9479c51000-7f9479c53000 rw-p 001eb000 08:01 6823817                    /lib/x86_64-linux-gnu/libc-2.27.so
7f9479c53000-7f9479c57000 rw-p 00000000 00:00 0 
7f9479c57000-7f9479c5a000 r-xp 00000000 08:01 6823820                    /lib/x86_64-linux-gnu/libdl-2.27.so
7f9479c5a000-7f9479e59000 ---p 00003000 08:01 6823820                    /lib/x86_64-linux-gnu/libdl-2.27.so
7f9479e59000-7f9479e5a000 r--p 00002000 08:01 6823820                    /lib/x86_64-linux-gnu/libdl-2.27.so
7f9479e5a000-7f9479e5b000 rw-p 00003000 08:01 6823820                    /lib/x86_64-linux-gnu/libdl-2.27.so
7f9479e5b000-7f9479e75000 r-xp 00000000 08:01 6823832                    /lib/x86_64-linux-gnu/libpthread-2.27.so
7f9479e75000-7f947a074000 ---p 0001a000 08:01 6823832                    /lib/x86_64-linux-gnu/libpthread-2.27.so
7f947a074000-7f947a075000 r--p 00019000 08:01 6823832                    /lib/x86_64-linux-gnu/libpthread-2.27.so
7f947a075000-7f947a076000 rw-p 0001a000 08:01 6823832                    /lib/x86_64-linux-gnu/libpthread-2.27.so
7f947a076000-7f947a07a000 rw-p 00000000 00:00 0 
7f947a07a000-7f947a0a3000 r-xp 00000000 08:01 6823813                    /lib/x86_64-linux-gnu/ld-2.27.so
7f947a0a3000-7f947a0a4000 r--s 00000000 08:01 5382581                    /home/moringa/.gradle/wrapper/dists/gradle-6.5-bin/6nifqtx7604sqp1q6g8wikw7p/gradle-6.5/lib/javax.inject-1.jar
7f947a0a4000-7f947a0a9000 r--s 00041000 08:01 5382574                    /home/moringa/.gradle/wrapper/dists/gradle-6.5-bin/6nifqtx7604sqp1q6g8wikw7p/gradle-6.5/lib/commons-lang-2.6.jar
7f947a0a9000-7f947a0ad000 r--s 00031000 08:01 5382575                    /home/moringa/.gradle/wrapper/dists/gradle-6.5-bin/6nifqtx7604sqp1q6g8wikw7p/gradle-6.5/lib/commons-io-2.6.jar
7f947a0ad000-7f947a11e000 rw-p 00000000 00:00 0 
7f947a11e000-7f947a139000 r-xp 00000000 07:0f 766                        /snap/android-studio/100/android-studio/jre/jre/lib/amd64/libzip.so
7f947a139000-7f947a13a000 r--p 0001a000 07:0f 766                        /snap/android-studio/100/android-studio/jre/jre/lib/amd64/libzip.so
7f947a13a000-7f947a13b000 rw-p 0001b000 07:0f 766                        /snap/android-studio/100/android-studio/jre/jre/lib/amd64/libzip.so
7f947a13b000-7f947a143000 rw-s 00000000 08:01 11142503                   /tmp/hsperfdata_moringa/27304
7f947a143000-7f947a16b000 r-xp 00000000 07:0f 745                        /snap/android-studio/100/android-studio/jre/jre/lib/amd64/libjava.so
7f947a16b000-7f947a16c000 r--p 00027000 07:0f 745                        /snap/android-studio/100/android-studio/jre/jre/lib/amd64/libjava.so
7f947a16c000-7f947a16e000 rw-p 00028000 07:0f 745                        /snap/android-studio/100/android-studio/jre/jre/lib/amd64/libjava.so
7f947a16e000-7f947a16f000 ---p 00000000 00:00 0 
7f947a16f000-7f947a172000 ---p 00000000 00:00 0 
7f947a172000-7f947a271000 rw-p 00000000 00:00 0 
7f947a271000-7f947a287000 r-xp 00000000 07:0f 867                        /snap/android-studio/100/android-studio/jre/lib/amd64/jli/libjli.so
7f947a287000-7f947a288000 r--p 00015000 07:0f 867                        /snap/android-studio/100/android-studio/jre/lib/amd64/jli/libjli.so
7f947a288000-7f947a289000 rw-p 00016000 07:0f 867                        /snap/android-studio/100/android-studio/jre/lib/amd64/jli/libjli.so
7f947a289000-7f947a28a000 r--s 00000000 08:01 5382560                    /home/moringa/.gradle/wrapper/dists/gradle-6.5-bin/6nifqtx7604sqp1q6g8wikw7p/gradle-6.5/lib/gradle-base-annotations-6.5.jar
7f947a28a000-7f947a28c000 r--s 0001c000 08:01 5382579                    /home/moringa/.gradle/wrapper/dists/gradle-6.5-bin/6nifqtx7604sqp1q6g8wikw7p/gradle-6.5/lib/asm-7.3.1.jar
7f947a28c000-7f947a28d000 r--s 00004000 08:01 5382605                    /home/moringa/.gradle/wrapper/dists/gradle-6.5-bin/6nifqtx7604sqp1q6g8wikw7p/gradle-6.5/lib/ant-launcher-1.10.7.jar
7f947a28d000-7f947a28f000 r--s 00001000 08:01 5382530                    /home/moringa/.gradle/wrapper/dists/gradle-6.5-bin/6nifqtx7604sqp1q6g8wikw7p/gradle-6.5/lib/gradle-bootstrap-6.5.jar
7f947a28f000-7f947a290000 rw-p 00000000 00:00 0 
7f947a290000-7f947a291000 ---p 00000000 00:00 0 
7f947a291000-7f947a29e000 r-xp 00000000 07:0f 765                        /snap/android-studio/100/android-studio/jre/jre/lib/amd64/libverify.so
7f947a29e000-7f947a2a0000 r--p 0000c000 07:0f 765                        /snap/android-studio/100/android-studio/jre/jre/lib/amd64/libverify.so
7f947a2a0000-7f947a2a1000 rw-p 0000e000 07:0f 765                        /snap/android-studio/100/android-studio/jre/jre/lib/amd64/libverify.so
7f947a2a1000-7f947a2a3000 rw-p 00000000 00:00 0 
7f947a2a3000-7f947a2a4000 r--p 00029000 08:01 6823813                    /lib/x86_64-linux-gnu/ld-2.27.so
7f947a2a4000-7f947a2a5000 rw-p 0002a000 08:01 6823813                    /lib/x86_64-linux-gnu/ld-2.27.so
7f947a2a5000-7f947a2a6000 rw-p 00000000 00:00 0 
7ffc91a60000-7ffc91a81000 rw-p 00000000 00:00 0                          [stack]
7ffc91ad4000-7ffc91ad7000 r--p 00000000 00:00 0                          [vvar]
7ffc91ad7000-7ffc91ad9000 r-xp 00000000 00:00 0                          [vdso]
ffffffffff600000-ffffffffff601000 r-xp 00000000 00:00 0                  [vsyscall]

VM Arguments:
jvm_args: -Xmx2048m -Dfile.encoding=UTF-8 -Duser.country=US -Duser.language=en -Duser.variant 
java_command: org.gradle.launcher.daemon.bootstrap.GradleDaemon 6.5
java_class_path (initial): /home/moringa/.gradle/wrapper/dists/gradle-6.5-bin/6nifqtx7604sqp1q6g8wikw7p/gradle-6.5/lib/gradle-launcher-6.5.jar
Launcher Type: SUN_STANDARD

Environment Variables:
PATH=/usr/local/sbin:/usr/local/bin:/usr/sbin:/usr/bin:/sbin:/bin:/usr/games:/usr/local/games:/snap/bin
USERNAME=moringa
SHELL=/bin/bash
DISPLAY=:0

Signal Handlers:
SIGSEGV: [libjvm.so+0xa13c80], sa_mask[0]=11111111011111111101111111111110, sa_flags=SA_RESTART|SA_SIGINFO
SIGBUS: [libjvm.so+0xa13c80], sa_mask[0]=11111111011111111101111111111110, sa_flags=SA_RESTART|SA_SIGINFO
SIGFPE: [libjvm.so+0x874670], sa_mask[0]=11111111011111111101111111111110, sa_flags=SA_RESTART|SA_SIGINFO
SIGPIPE: [libjvm.so+0x874670], sa_mask[0]=11111111011111111101111111111110, sa_flags=SA_RESTART|SA_SIGINFO
SIGXFSZ: [libjvm.so+0x874670], sa_mask[0]=11111111011111111101111111111110, sa_flags=SA_RESTART|SA_SIGINFO
SIGILL: [libjvm.so+0x874670], sa_mask[0]=11111111011111111101111111111110, sa_flags=SA_RESTART|SA_SIGINFO
SIGUSR1: SIG_DFL, sa_mask[0]=00000000000000000000000000000000, sa_flags=none
SIGUSR2: [libjvm.so+0x874540], sa_mask[0]=00100000000000000000000000000000, sa_flags=SA_RESTART|SA_SIGINFO
SIGHUP: [libjvm.so+0x874730], sa_mask[0]=11111111011111111101111111111110, sa_flags=SA_RESTART|SA_SIGINFO
SIGINT: [libjvm.so+0x874730], sa_mask[0]=11111111011111111101111111111110, sa_flags=SA_RESTART|SA_SIGINFO
SIGTERM: [libjvm.so+0x874730], sa_mask[0]=11111111011111111101111111111110, sa_flags=SA_RESTART|SA_SIGINFO
SIGQUIT: [libjvm.so+0x874730], sa_mask[0]=11111111011111111101111111111110, sa_flags=SA_RESTART|SA_SIGINFO


---------------  S Y S T E M  ---------------

OS:DISTRIB_ID=Ubuntu
DISTRIB_RELEASE=18.04
DISTRIB_CODENAME=bionic
DISTRIB_DESCRIPTION="Ubuntu 18.04.5 LTS"

uname:Linux 4.15.0-135-generic #139-Ubuntu SMP Mon Jan 18 17:38:24 UTC 2021 x86_64
libc:glibc 2.27 NPTL 2.27 
rlimit: STACK 8192k, CORE 0k, NPROC 30513, NOFILE 1048576, AS infinity
load average:5.17 2.21 1.78

/proc/meminfo:
MemTotal:        7856972 kB
MemFree:          101896 kB
MemAvailable:      48016 kB
Buffers:            7344 kB
Cached:           633120 kB
SwapCached:        11132 kB
Active:          6349216 kB
Inactive:         956816 kB
Active(anon):    6311268 kB
Inactive(anon):   901624 kB
Active(file):      37948 kB
Inactive(file):    55192 kB
Unevictable:          64 kB
Mlocked:              64 kB
SwapTotal:       2097148 kB
SwapFree:              0 kB
Dirty:               516 kB
Writeback:             4 kB
AnonPages:       6657688 kB
Mapped:           106992 kB
Shmem:            546500 kB
Slab:             177624 kB
SReclaimable:      70548 kB
SUnreclaim:       107076 kB
KernelStack:       28864 kB
PageTables:       147012 kB
NFS_Unstable:          0 kB
Bounce:                0 kB
WritebackTmp:          0 kB
CommitLimit:     6025632 kB
Committed_AS:   26183628 kB
VmallocTotal:   34359738367 kB
VmallocUsed:           0 kB
VmallocChunk:          0 kB
HardwareCorrupted:     0 kB
AnonHugePages:         0 kB
ShmemHugePages:        0 kB
ShmemPmdMapped:        0 kB
CmaTotal:              0 kB
CmaFree:               0 kB
HugePages_Total:       0
HugePages_Free:        0
HugePages_Rsvd:        0
HugePages_Surp:        0
Hugepagesize:       2048 kB
DirectMap4k:      543504 kB
DirectMap2M:     7530496 kB
DirectMap1G:           0 kB

container (cgroup) information:
container_type: cgroupv1
cpu_cpuset_cpus: 0-3
cpu_memory_nodes: 0
active_processor_count: 4
cpu_quota: -1
cpu_period: 100000
cpu_shares: -1
memory_limit_in_bytes: -1
memory_and_swap_limit_in_bytes: -2
memory_soft_limit_in_bytes: -1
memory_usage_in_bytes: 7477653504
memory_max_usage_in_bytes: 1953792


CPU:total 4 (initial active 4) (2 cores per cpu, 2 threads per core) family 6 model 61 stepping 4, cmov, cx8, fxsr, mmx, sse, sse2, sse3, ssse3, sse4.1, sse4.2, popcnt, avx, avx2, aes, clmul, erms, rtm, 3dnowpref, lzcnt, ht, tsc, tscinvbit, bmi1, bmi2, adx

/proc/cpuinfo:
processor	: 0
vendor_id	: GenuineIntel
cpu family	: 6
model		: 61
model name	: Intel(R) Core(TM) i5-5300U CPU @ 2.30GHz
stepping	: 4
microcode	: 0x2f
cpu MHz		: 2693.958
cache size	: 3072 KB
physical id	: 0
siblings	: 4
core id		: 0
cpu cores	: 2
apicid		: 0
initial apicid	: 0
fpu		: yes
fpu_exception	: yes
cpuid level	: 20
wp		: yes
flags		: fpu vme de pse tsc msr pae mce cx8 apic sep mtrr pge mca cmov pat pse36 clflush dts acpi mmx fxsr sse sse2 ss ht tm pbe syscall nx pdpe1gb rdtscp lm constant_tsc arch_perfmon pebs bts rep_good nopl xtopology nonstop_tsc cpuid aperfmperf pni pclmulqdq dtes64 monitor ds_cpl vmx smx est tm2 ssse3 sdbg fma cx16 xtpr pdcm pcid sse4_1 sse4_2 x2apic movbe popcnt tsc_deadline_timer aes xsave avx f16c rdrand lahf_lm abm 3dnowprefetch cpuid_fault epb invpcid_single pti ssbd ibrs ibpb stibp tpr_shadow vnmi flexpriority ept vpid fsgsbase tsc_adjust bmi1 hle avx2 smep bmi2 erms invpcid rtm rdseed adx smap intel_pt xsaveopt dtherm ida arat pln pts md_clear flush_l1d
bugs		: cpu_meltdown spectre_v1 spectre_v2 spec_store_bypass l1tf mds swapgs taa itlb_multihit srbds
bogomips	: 4589.70
clflush size	: 64
cache_alignment	: 64
address sizes	: 39 bits physical, 48 bits virtual
power management:

processor	: 1
vendor_id	: GenuineIntel
cpu family	: 6
model		: 61
model name	: Intel(R) Core(TM) i5-5300U CPU @ 2.30GHz
stepping	: 4
microcode	: 0x2f
cpu MHz		: 2693.959
cache size	: 3072 KB
physical id	: 0
siblings	: 4
core id		: 0
cpu cores	: 2
apicid		: 1
initial apicid	: 1
fpu		: yes
fpu_exception	: yes
cpuid level	: 20
wp		: yes
flags		: fpu vme de pse tsc msr pae mce cx8 apic sep mtrr pge mca cmov pat pse36 clflush dts acpi mmx fxsr sse sse2 ss ht tm pbe syscall nx pdpe1gb rdtscp lm constant_tsc arch_perfmon pebs bts rep_good nopl xtopology nonstop_tsc cpuid aperfmperf pni pclmulqdq dtes64 monitor ds_cpl vmx smx est tm2 ssse3 sdbg fma cx16 xtpr pdcm pcid sse4_1 sse4_2 x2apic movbe popcnt tsc_deadline_timer aes xsave avx f16c rdrand lahf_lm abm 3dnowprefetch cpuid_fault epb invpcid_single pti ssbd ibrs ibpb stibp tpr_shadow vnmi flexpriority ept vpid fsgsbase tsc_adjust bmi1 hle avx2 smep bmi2 erms invpcid rtm rdseed adx smap intel_pt xsaveopt dtherm ida arat pln pts md_clear flush_l1d
bugs		: cpu_meltdown spectre_v1 spectre_v2 spec_store_bypass l1tf mds swapgs taa itlb_multihit srbds
bogomips	: 4589.70
clflush size	: 64
cache_alignment	: 64
address sizes	: 39 bits physical, 48 bits virtual
power management:

processor	: 2
vendor_id	: GenuineIntel
cpu family	: 6
model		: 61
model name	: Intel(R) Core(TM) i5-5300U CPU @ 2.30GHz
stepping	: 4
microcode	: 0x2f
cpu MHz		: 2693.955
cache size	: 3072 KB
physical id	: 0
siblings	: 4
core id		: 1
cpu cores	: 2
apicid		: 2
initial apicid	: 2
fpu		: yes
fpu_exception	: yes
cpuid level	: 20
wp		: yes
flags		: fpu vme de pse tsc msr pae mce cx8 apic sep mtrr pge mca cmov pat pse36 clflush dts acpi mmx fxsr sse sse2 ss ht tm pbe syscall nx pdpe1gb rdtscp lm constant_tsc arch_perfmon pebs bts rep_good nopl xtopology nonstop_tsc cpuid aperfmperf pni pclmulqdq dtes64 monitor ds_cpl vmx smx est tm2 ssse3 sdbg fma cx16 xtpr pdcm pcid sse4_1 sse4_2 x2apic movbe popcnt tsc_deadline_timer aes xsave avx f16c rdrand lahf_lm abm 3dnowprefetch cpuid_fault epb invpcid_single pti ssbd ibrs ibpb stibp tpr_shadow vnmi flexpriority ept vpid fsgsbase tsc_adjust bmi1 hle avx2 smep bmi2 erms invpcid rtm rdseed adx smap intel_pt xsaveopt dtherm ida arat pln pts md_clear flush_l1d
bugs		: cpu_meltdown spectre_v1 spectre_v2 spec_store_bypass l1tf mds swapgs taa itlb_multihit srbds
bogomips	: 4589.70
clflush size	: 64
cache_alignment	: 64
address sizes	: 39 bits physical, 48 bits virtual
power management:

processor	: 3
vendor_id	: GenuineIntel
cpu family	: 6
model		: 61
model name	: Intel(R) Core(TM) i5-5300U CPU @ 2.30GHz
stepping	: 4
microcode	: 0x2f
cpu MHz		: 2693.958
cache size	: 3072 KB
physical id	: 0
siblings	: 4
core id		: 1
cpu cores	: 2
apicid		: 3
initial apicid	: 3
fpu		: yes
fpu_exception	: yes
cpuid level	: 20
wp		: yes
flags		: fpu vme de pse tsc msr pae mce cx8 apic sep mtrr pge mca cmov pat pse36 clflush dts acpi mmx fxsr sse sse2 ss ht tm pbe syscall nx pdpe1gb rdtscp lm constant_tsc arch_perfmon pebs bts rep_good nopl xtopology nonstop_tsc cpuid aperfmperf pni pclmulqdq dtes64 monitor ds_cpl vmx smx est tm2 ssse3 sdbg fma cx16 xtpr pdcm pcid sse4_1 sse4_2 x2apic movbe popcnt tsc_deadline_timer aes xsave avx f16c rdrand lahf_lm abm 3dnowprefetch cpuid_fault epb invpcid_single pti ssbd ibrs ibpb stibp tpr_shadow vnmi flexpriority ept vpid fsgsbase tsc_adjust bmi1 hle avx2 smep bmi2 erms invpcid rtm rdseed adx smap intel_pt xsaveopt dtherm ida arat pln pts md_clear flush_l1d
bugs		: cpu_meltdown spectre_v1 spectre_v2 spec_store_bypass l1tf mds swapgs taa itlb_multihit srbds
bogomips	: 4589.70
clflush size	: 64
cache_alignment	: 64
address sizes	: 39 bits physical, 48 bits virtual
power management:



Memory: 4k page, physical 7856972k(101764k free), swap 2097148k(0k free)

vm_info: OpenJDK 64-Bit Server VM (25.242-b3-6222593) for linux-amd64 JRE (1.8.0_242-release-1644-b3-6222593), built by "android-build" with gcc 4.8

time: Mon Feb 22 14:46:13 2021
timezone: EAT
elapsed time: 10 seconds (0d 0h 0m 10s)

